#
# A fatal error has been detected by the Java Runtime Environment:
#
#  SIGBUS (0xa) at pc=0x00000001729f14e4, pid=1181, tid=27139
#
# JRE version: Java(TM) SE Runtime Environment (17.0.7+8) (build 17.0.7+8-LTS-224)
# Java VM: Java HotSpot(TM) 64-Bit Server VM (17.0.7+8-LTS-224, mixed mode, sharing, tiered, compressed oops, compressed class ptrs, g1 gc, bsd-aarch64)
# Problematic frame:
# v  ~StubRoutines::SafeFetch32
#
# No core dump will be written. Core dumps have been disabled. To enable core dumping, try "ulimit -c unlimited" before starting Java again
#
# If you would like to submit a bug report, please visit:
#   https://bugreport.java.com/bugreport/crash.jsp
#

---------------  S U M M A R Y ------------

Command Line: -javaagent:/Applications/개발/IntelliJ IDEA.app/Contents/lib/idea_rt.jar=49273:/Applications/개발/IntelliJ IDEA.app/Contents/bin -agentpath:/private/var/folders/dv/28q5_lq14sb0wvxgvgkbdc9h0000gn/T/libasyncProfiler.so=start,jfr,event=cpu,interval=10ms,jfrsync=profile,cstack=no,file=/Users/ganari/IdeaSnapshots/b2738_2023_06_27_162620.jfr,log=/private/var/folders/dv/28q5_lq14sb0wvxgvgkbdc9h0000gn/T/b2738_2023_06_27_162620.jfr.log.txt,logLevel=DEBUG -Dfile.encoding=UTF-8 b2738

Host: "MacBookPro18,2" arm64 1 MHz, 10 cores, 32G, Darwin 21.4.0, macOS 12.3 (21E230)
Time: Tue Jun 27 16:26:21 2023 KST elapsed time: 1.066370 seconds (0d 0h 0m 1s)

---------------  T H R E A D  ---------------

Current thread (0x0000000139a20c00):  JavaThread "JFR Shutdown Hook" [_thread_in_Java, id=27139, stack(0x000000017d578000,0x000000017d77b000)]

Stack: [0x000000017d578000,0x000000017d77b000],  sp=0x000000017d779e20,  free space=2055k
Native frames: (J=compiled Java code, j=interpreted, Vv=VM code, C=native code)
v  ~StubRoutines::SafeFetch32
V  [libjvm.dylib+0x7ae654]  _ZN2os17is_readable_rangeEPKvS1_+0x2c
V  [libjvm.dylib+0x75eed0]  _ZN6Method15is_valid_methodEPKS_+0x38
V  [libjvm.dylib+0x35793c]  _ZNK5frame26is_interpreted_frame_validEP10JavaThread+0x7c
V  [libjvm.dylib+0x357818]  _ZN5frame15safe_for_senderEP10JavaThread+0x4ec
V  [libjvm.dylib+0x925418]  _ZN10JavaThread16pd_get_top_frameEP5framePvb+0x200
V  [libjvm.dylib+0x3546c0]  AsyncGetCallTrace+0x198
C  [libasyncProfiler.so+0x3ac54]  _ZN8Profiler17getJavaTraceAsyncEPvP15ASGCT_CallFrameiP12StackContext+0x15c
C  [libasyncProfiler.so+0x3bd04]  _ZN8Profiler21recordSampleForThreadEiPvyiP5EventPi+0x1c4
C  [libasyncProfiler.so+0x4a03c]  _ZN9WallClock13signalHandlerEiP9__siginfoPv+0xa8
C  [libsystem_platform.dylib+0x44c4]  _sigtramp+0x38
C  0xb70b0001729f63a8
j  jdk.jfr.internal.PlatformRecorder.disableEvents()V+3 jdk.jfr@17.0.7
j  jdk.jfr.internal.PlatformRecorder.stop(Ljdk/jfr/internal/PlatformRecording;)V+224 jdk.jfr@17.0.7
j  jdk.jfr.internal.PlatformRecording.stop(Ljava/lang/String;)Z+38 jdk.jfr@17.0.7
j  jdk.jfr.internal.ShutdownHook.dump(Ljdk/jfr/internal/PlatformRecording;)V+27 jdk.jfr@17.0.7
j  jdk.jfr.internal.ShutdownHook.run()V+69 jdk.jfr@17.0.7
j  java.lang.Thread.run()V+11 java.base@17.0.7
v  ~StubRoutines::call_stub
V  [libjvm.dylib+0x464a38]  _ZN9JavaCalls11call_helperEP9JavaValueRK12methodHandleP17JavaCallArgumentsP10JavaThread+0x38c
V  [libjvm.dylib+0x463a54]  _ZN9JavaCalls12call_virtualEP9JavaValueP5KlassP6SymbolS5_P17JavaCallArgumentsP10JavaThread+0x11c
V  [libjvm.dylib+0x463b20]  _ZN9JavaCalls12call_virtualEP9JavaValue6HandleP5KlassP6SymbolS6_P10JavaThread+0x64
V  [libjvm.dylib+0x516e78]  _ZL12thread_entryP10JavaThreadS0_+0xc4
V  [libjvm.dylib+0x913e18]  _ZN10JavaThread17thread_main_innerEv+0x148
V  [libjvm.dylib+0x912714]  _ZN6Thread8call_runEv+0x128
V  [libjvm.dylib+0x7b1ab0]  _ZL19thread_native_entryP6Thread+0x158
C  [libsystem_pthread.dylib+0x726c]  _pthread_start+0x94


siginfo: si_signo: 10 (SIGBUS), si_code: 1 (BUS_ADRALN), si_addr: 0x00000001729f14e4

Register to memory mapping:

 x0=0x000000011b8ad000 is pointing into metadata
 x1=0x00000000cafebabe is an unknown value
 x2=0x000000017d779f88 is pointing into the stack for thread: 0x0000000139a20c00
 x3=0x0000000000000001 is an unknown value
 x4=0x000000017d77a160 is pointing into the stack for thread: 0x0000000139a20c00
 x5=0x000000017d77a160 is pointing into the stack for thread: 0x0000000139a20c00
 x6=0x0000000084400001 is an unknown value
 x7=0x0 is NULL
 x8=0x00000001729f14e0 is at begin+0 in a stub
StubRoutines::SafeFetch32 [0x00000001729f14e0, 0x00000001729f14ec] (12 bytes)
 x9=0x000000017d77a740 is pointing into the stack for thread: 0x0000000139a20c00
x10=0x0 is NULL
x11=0x000000017d77a760 is pointing into the stack for thread: 0x0000000139a20c00
x12=0x00000000000000ab is an unknown value
x13=0x0 is NULL
x14=0x0000000000000002 is an unknown value
x15=0x0 is NULL
x16=0x00000001930c10fc: pthread_getspecific+0 in /usr/lib/system/libsystem_pthread.dylib at 0x00000001930bf000
x17=0x0000600001222d80 points into unknown readable memory: 0xfffffffffffffffe | fe ff ff ff ff ff ff ff
x18=0x0 is NULL
x19=0x000000011b8ad000 is pointing into metadata
x20=0x0000000139a20c00 is a thread
x21=0x0000000000000001 is an unknown value
x22=0x0000000106918540: _ZN12StubRoutines25_call_stub_return_addressE+0 in /Library/Java/JavaVirtualMachines/jdk-17.jdk/Contents/Home/lib/server/libjvm.dylib at 0x0000000105d70000
x23=0x0000000106918798: _ZN12StubRoutines18_safefetch32_entryE+0 in /Library/Java/JavaVirtualMachines/jdk-17.jdk/Contents/Home/lib/server/libjvm.dylib at 0x0000000105d70000
x24=0x00000000cafebabe is an unknown value
x25=0x000000017d77a730 is pointing into the stack for thread: 0x0000000139a20c00
x26=0x000000013001031c points into unknown readable memory: 00 00 00 00
x27=0x0000000130014390 points into unknown readable memory: 0x0000000000000106 | 06 01 00 00 00 00 00 00
x28=0x00000001729fc374 is at code_begin+52 in an Interpreter codelet
aload_1  43 aload_1  [0x00000001729fc340, 0x00000001729fc380]  64 bytes


Registers:
 x0=0x000000011b8ad000  x1=0x00000000cafebabe  x2=0x000000017d779f88  x3=0x0000000000000001
 x4=0x000000017d77a160  x5=0x000000017d77a160  x6=0x0000000084400001  x7=0x0000000000000000
 x8=0x00000001729f14e0  x9=0x000000017d77a740 x10=0x0000000000000000 x11=0x000000017d77a760
x12=0x00000000000000ab x13=0x0000000000000000 x14=0x0000000000000002 x15=0x0000000000000000
x16=0x00000001930c10fc x17=0x0000600001222d80 x18=0x0000000000000000 x19=0x000000011b8ad000
x20=0x0000000139a20c00 x21=0x0000000000000001 x22=0x0000000106918540 x23=0x0000000106918798
x24=0x00000000cafebabe x25=0x000000017d77a730 x26=0x000000013001031c x27=0x0000000130014390
x28=0x00000001729fc374  fp=0x000000017d779e50  lr=0x000000010651e054  sp=0x000000017d779e20
pc=0x00000001729f14e4 cpsr=0x0000000060001000
Top of Stack: (sp=0x000000017d779e20)
0x000000017d779e20:   000000017d77a7b0 000000017d77a740
0x000000017d779e30:   0000000106918540 000000011b8adb18
0x000000017d779e40:   000000011b8ad000 000000011b8adb70
0x000000017d779e50:   000000017d779e70 000000010651e654
0x000000017d779e60:   000000017d779ed0 000000011b8adb18
0x000000017d779e70:   000000017d779e90 00000001064ceed0
0x000000017d779e80:   000000017d779ed0 0000000139a20c00
0x000000017d779e90:   000000017d779ec0 00000001060c793c
0x000000017d779ea0:   0000000106918540 00000001729f5590
0x000000017d779eb0:   00000001729f5fc8 0000000139a20c00
0x000000017d779ec0:   000000017d779f40 00000001060c7818
0x000000017d779ed0:   000000017d77a740 00000001729f5fc8
0x000000017d779ee0:   00000001729f5590 0000000100000000
0x000000017d779ef0:   000000017d77a7b0 000000017d77a730
0x000000017d779f00:   000000013001031c 0000000139a20ea8
0x000000017d779f10:   0000000139a20c00 000000017d77a160
0x000000017d779f20:   00000001729f5590 00000001729fc374
0x000000017d779f30:   0000000139a20c00 000000017d77a050
0x000000017d779f40:   000000017d779fe0 0000000106695418
0x000000017d779f50:   000000011bb6df97 000000061e8030c0
0x000000017d779f60:   0000000000000000 0000000000000000
0x000000017d779f70:   0000000000000000 0000000000000000
0x000000017d779f80:   000000017d77a6a0 000000017d77a730
0x000000017d779f90:   000000017d77a6a0 00000001729fc374
0x000000017d779fa0:   00000001729f5590 0000000000000000
0x000000017d779fb0:   000000017d77a730 000000017d77a6a0
0x000000017d779fc0:   0000000000000800 0000000139a20c00
0x000000017d779fd0:   0000000000000800 000000017d77a0c0
0x000000017d779fe0:   000000017d77a0a0 00000001060c46c0
0x000000017d779ff0:   000000017d77a020 00000001061b2808
0x000000017d77a000:   0000000800c7fd50 0000000000000001
0x000000017d77a010:   0000000800c7dd20 0000000800c7fd50 

Instructions: (pc=0x00000001729f14e4)
0x00000001729f13e4:   1e614000 1400003a d29c2809 f2a0d1c9
0x00000001729f13f4:   f2c00029 6d425935 1e640886 0c402d31
0x00000001729f1404:   1e6408c7 1f5654d0 1e6c1017 1f5050d0
0x00000001729f1414:   1f504cd0 1f5048d0 1e650af6 1f50d8f6
0x00000001729f1424:   1f5694d6 1f5158f6 1e762880 36000501
0x00000001729f1434:   1e614000 14000026 2e251ca5 d29c3009
0x00000001729f1444:   f2a0d1c9 f2c00029 6d425d36 1e600806
0x00000001729f1454:   0c402d32 1f5758c7 1e6c101a 1f4754c7
0x00000001729f1464:   1e650805 1f4750c7 d2866668 f2a7fa68
0x00000001729f1474:   1f474cc7 1e6608c0 1f4748c7 1e6e1019
0x00000001729f1484:   eb08007f 540000ac 1f479400 1f460340
0x00000001729f1494:   1e603b20 1400000e d2a7fd29 eb09007f
0x00000001729f14a4:   540000ac 51480069 d3607d29 9e670121
0x00000001729f14b4:   14000002 1e6a5001 1f679417 1f668742
0x00000001729f14c4:   1e613b23 1e773857 1e773860 a8c17ff3
0x00000001729f14d4:   910003bf a8c17bfd d65f03c0 b9400001
0x00000001729f14e4:   aa0103e0 d65f03c0 f9400001 aa0103e0
0x00000001729f14f4:   d65f03c0 00000000 00000000 00000000
0x00000001729f1504:   00000000 00000000 00000000 00000000
0x00000001729f1514:   00000000 00000000 00000000 00000000
0x00000001729f1524:   00000000 00000000 00000000 00000000
0x00000001729f1534:   00000000 00000000 00000000 00000000
0x00000001729f1544:   00000000 00000000 00000000 00000000
0x00000001729f1554:   00000000 00000000 00000000 00000000
0x00000001729f1564:   00000000 00000000 00000000 00000000
0x00000001729f1574:   00000000 00000000 00000000 00000000
0x00000001729f1584:   00000000 00000000 00000000 00000000
0x00000001729f1594:   00000000 00000000 00000000 00000000
0x00000001729f15a4:   00000000 00000000 00000000 00000000
0x00000001729f15b4:   00000000 00000000 00000000 00000000
0x00000001729f15c4:   00000000 00000000 00000000 00000000
0x00000001729f15d4:   00000000 00000000 00000000 00000000 


Stack slot to memory mapping:
stack at sp + 0 slots: 0x000000017d77a7b0 is pointing into the stack for thread: 0x0000000139a20c00
stack at sp + 1 slots: 0x000000017d77a740 is pointing into the stack for thread: 0x0000000139a20c00
stack at sp + 2 slots: 0x0000000106918540: _ZN12StubRoutines25_call_stub_return_addressE+0 in /Library/Java/JavaVirtualMachines/jdk-17.jdk/Contents/Home/lib/server/libjvm.dylib at 0x0000000105d70000
stack at sp + 3 slots: {method} {0x000000011b8adb18} 'disableEvents' '()V' in 'jdk/jfr/internal/PlatformRecorder'
stack at sp + 4 slots: 0x000000011b8ad000 is pointing into metadata
stack at sp + 5 slots: 0x000000011b8adb70 is pointing into metadata
stack at sp + 6 slots: 0x000000017d779e70 is pointing into the stack for thread: 0x0000000139a20c00
stack at sp + 7 slots: 0x000000010651e654: _ZN2os17is_readable_rangeEPKvS1_+0x2c in /Library/Java/JavaVirtualMachines/jdk-17.jdk/Contents/Home/lib/server/libjvm.dylib at 0x0000000105d70000

StubRoutines::SafeFetch32 [0x00000001729f14e0, 0x00000001729f14ec] (12 bytes)
[MachCode]
  0x00000001729f14e0: 0100 40b9 | e003 01aa | c003 5fd6 
[/MachCode]

---------------  P R O C E S S  ---------------

Threads class SMR info:
_java_thread_list=0x0000600003fbaa60, length=18, elements={
0x0000000159bd2600, 0x0000000159cbe000, 0x0000000159cc0800, 0x000000013984ae00,
0x0000000139848600, 0x0000000139848c00, 0x0000000139849200, 0x000000014980f200,
0x0000000149819a00, 0x000000013984f000, 0x0000000159cc2a00, 0x000000014981ba00,
0x000000011e808600, 0x000000013984f600, 0x0000000159d4ac00, 0x0000000159ddb200,
0x0000000159d4c000, 0x0000000139a20c00
}

Java Threads: ( => current thread )
  0x0000000159bd2600 JavaThread "main" [_thread_blocked, id=5891, stack(0x000000016b2b4000,0x000000016b4b7000)]
  0x0000000159cbe000 JavaThread "Reference Handler" daemon [_thread_blocked, id=15875, stack(0x000000017b108000,0x000000017b30b000)]
  0x0000000159cc0800 JavaThread "Finalizer" daemon [_thread_blocked, id=17155, stack(0x000000017b314000,0x000000017b517000)]
  0x000000013984ae00 JavaThread "Signal Dispatcher" daemon [_thread_blocked, id=23043, stack(0x000000017b638000,0x000000017b83b000)]
  0x0000000139848600 JavaThread "Service Thread" daemon [_thread_blocked, id=42499, stack(0x000000017b844000,0x000000017ba47000)]
  0x0000000139848c00 JavaThread "Monitor Deflation Thread" daemon [_thread_blocked, id=41987, stack(0x000000017ba50000,0x000000017bc53000)]
  0x0000000139849200 JavaThread "C2 CompilerThread0" daemon [_thread_in_native, id=23811, stack(0x000000017bc5c000,0x000000017be5f000)]
  0x000000014980f200 JavaThread "C1 CompilerThread0" daemon [_thread_blocked, id=24067, stack(0x000000017be68000,0x000000017c06b000)]
  0x0000000149819a00 JavaThread "Sweeper thread" daemon [_thread_blocked, id=24323, stack(0x000000017c074000,0x000000017c277000)]
  0x000000013984f000 JavaThread "Common-Cleaner" daemon [_thread_blocked, id=41219, stack(0x000000017c280000,0x000000017c483000)]
  0x0000000159cc2a00 JavaThread "Monitor Ctrl-Break" daemon [_thread_in_native, id=40963, stack(0x000000017c48c000,0x000000017c68f000)]
  0x000000014981ba00 JavaThread "C2 CompilerThread1" daemon [_thread_blocked, id=25091, stack(0x000000017c698000,0x000000017c89b000)]
  0x000000011e808600 JavaThread "JFR Recorder Thread" daemon [_thread_blocked, id=40195, stack(0x000000017c8a4000,0x000000017caa7000)]
  0x000000013984f600 JavaThread "C2 CompilerThread2" daemon [_thread_blocked, id=39683, stack(0x000000017cab0000,0x000000017ccb3000)]
  0x0000000159d4ac00 JavaThread "JFR Periodic Tasks" daemon [_thread_blocked, id=25603, stack(0x000000017ccbc000,0x000000017cebf000)]
  0x0000000159ddb200 JavaThread "Async-profiler Timer" daemon [_thread_in_native, id=39171, stack(0x000000017cf54000,0x000000017d157000)]
  0x0000000159d4c000 JavaThread "Notification Thread" daemon [_thread_blocked, id=38915, stack(0x000000017d160000,0x000000017d363000)]
=>0x0000000139a20c00 JavaThread "JFR Shutdown Hook" [_thread_in_Java, id=27139, stack(0x000000017d578000,0x000000017d77b000)]

Other Threads:
  0x000000011965f6f0 VMThread "VM Thread" [stack: 0x000000017aefc000,0x000000017b0ff000] [id=15619]
  0x0000000119677370 WatcherThread [stack: 0x000000017d36c000,0x000000017d56f000] [id=26883]
  0x00000001196580b0 GCTaskThread "GC Thread#0" [stack: 0x000000017a4c0000,0x000000017a6c3000] [id=12291]
  0x0000000119658760 ConcurrentGCThread "G1 Main Marker" [stack: 0x000000017a6cc000,0x000000017a8cf000] [id=19459]
  0x0000000119658fe0 ConcurrentGCThread "G1 Conc#0" [stack: 0x000000017a8d8000,0x000000017aadb000] [id=12803]
  0x000000011965b110 ConcurrentGCThread "G1 Refine#0" [stack: 0x000000017aae4000,0x000000017ace7000] [id=13315]
  0x000000011965b9b0 ConcurrentGCThread "G1 Service" [stack: 0x000000017acf0000,0x000000017aef3000] [id=13827]

Threads with active compile tasks:
C2 CompilerThread0     1070  799       4       jdk.internal.org.objectweb.asm.Frame::execute (2305 bytes)

VM state: not at safepoint (normal execution)

VM Mutex/Monitor currently owned by a thread: None

Heap address: 0x0000000600000000, size: 8192 MB, Compressed Oops mode: Zero based, Oop shift amount: 3

CDS archive(s) mapped at: [0x0000000800000000-0x0000000800bd8000-0x0000000800bd8000), size 12419072, SharedBaseAddress: 0x0000000800000000, ArchiveRelocationMode: 0.
Compressed class space mapped at: 0x0000000800c00000-0x0000000840c00000, reserved size: 1073741824
Narrow klass base: 0x0000000800000000, Narrow klass shift: 0, Narrow klass range: 0x100000000

GC Precious Log:
 CPUs: 10 total, 10 available
 Memory: 32768M
 Large Page Support: Disabled
 NUMA Support: Disabled
 Compressed Oops: Enabled (Zero based)
 Heap Region Size: 4M
 Heap Min Capacity: 8M
 Heap Initial Capacity: 512M
 Heap Max Capacity: 8G
 Pre-touch: Disabled
 Parallel Workers: 9
 Concurrent Workers: 2
 Concurrent Refinement Workers: 9
 Periodic GC: Disabled

Heap:
 garbage-first heap   total 532480K, used 24544K [0x0000000600000000, 0x0000000800000000)
  region size 4096K, 6 young (24576K), 0 survivors (0K)
 Metaspace       used 3989K, committed 4160K, reserved 1056768K
  class space    used 409K, committed 512K, reserved 1048576K

Heap Regions: E=young(eden), S=young(survivor), O=old, HS=humongous(starts), HC=humongous(continues), CS=collection set, F=free, OA=open archive, CA=closed archive, TAMS=top-at-mark-start (previous, next)
|   0|0x0000000600000000, 0x0000000600000000, 0x0000000600400000|  0%| F|  |TAMS 0x0000000600000000, 0x0000000600000000| Untracked 
|   1|0x0000000600400000, 0x0000000600400000, 0x0000000600800000|  0%| F|  |TAMS 0x0000000600400000, 0x0000000600400000| Untracked 
|   2|0x0000000600800000, 0x0000000600800000, 0x0000000600c00000|  0%| F|  |TAMS 0x0000000600800000, 0x0000000600800000| Untracked 
|   3|0x0000000600c00000, 0x0000000600c00000, 0x0000000601000000|  0%| F|  |TAMS 0x0000000600c00000, 0x0000000600c00000| Untracked 
|   4|0x0000000601000000, 0x0000000601000000, 0x0000000601400000|  0%| F|  |TAMS 0x0000000601000000, 0x0000000601000000| Untracked 
|   5|0x0000000601400000, 0x0000000601400000, 0x0000000601800000|  0%| F|  |TAMS 0x0000000601400000, 0x0000000601400000| Untracked 
|   6|0x0000000601800000, 0x0000000601800000, 0x0000000601c00000|  0%| F|  |TAMS 0x0000000601800000, 0x0000000601800000| Untracked 
|   7|0x0000000601c00000, 0x0000000601c00000, 0x0000000602000000|  0%| F|  |TAMS 0x0000000601c00000, 0x0000000601c00000| Untracked 
|   8|0x0000000602000000, 0x0000000602000000, 0x0000000602400000|  0%| F|  |TAMS 0x0000000602000000, 0x0000000602000000| Untracked 
|   9|0x0000000602400000, 0x0000000602400000, 0x0000000602800000|  0%| F|  |TAMS 0x0000000602400000, 0x0000000602400000| Untracked 
|  10|0x0000000602800000, 0x0000000602800000, 0x0000000602c00000|  0%| F|  |TAMS 0x0000000602800000, 0x0000000602800000| Untracked 
|  11|0x0000000602c00000, 0x0000000602c00000, 0x0000000603000000|  0%| F|  |TAMS 0x0000000602c00000, 0x0000000602c00000| Untracked 
|  12|0x0000000603000000, 0x0000000603000000, 0x0000000603400000|  0%| F|  |TAMS 0x0000000603000000, 0x0000000603000000| Untracked 
|  13|0x0000000603400000, 0x0000000603400000, 0x0000000603800000|  0%| F|  |TAMS 0x0000000603400000, 0x0000000603400000| Untracked 
|  14|0x0000000603800000, 0x0000000603800000, 0x0000000603c00000|  0%| F|  |TAMS 0x0000000603800000, 0x0000000603800000| Untracked 
|  15|0x0000000603c00000, 0x0000000603c00000, 0x0000000604000000|  0%| F|  |TAMS 0x0000000603c00000, 0x0000000603c00000| Untracked 
|  16|0x0000000604000000, 0x0000000604000000, 0x0000000604400000|  0%| F|  |TAMS 0x0000000604000000, 0x0000000604000000| Untracked 
|  17|0x0000000604400000, 0x0000000604400000, 0x0000000604800000|  0%| F|  |TAMS 0x0000000604400000, 0x0000000604400000| Untracked 
|  18|0x0000000604800000, 0x0000000604800000, 0x0000000604c00000|  0%| F|  |TAMS 0x0000000604800000, 0x0000000604800000| Untracked 
|  19|0x0000000604c00000, 0x0000000604c00000, 0x0000000605000000|  0%| F|  |TAMS 0x0000000604c00000, 0x0000000604c00000| Untracked 
|  20|0x0000000605000000, 0x0000000605000000, 0x0000000605400000|  0%| F|  |TAMS 0x0000000605000000, 0x0000000605000000| Untracked 
|  21|0x0000000605400000, 0x0000000605400000, 0x0000000605800000|  0%| F|  |TAMS 0x0000000605400000, 0x0000000605400000| Untracked 
|  22|0x0000000605800000, 0x0000000605800000, 0x0000000605c00000|  0%| F|  |TAMS 0x0000000605800000, 0x0000000605800000| Untracked 
|  23|0x0000000605c00000, 0x0000000605c00000, 0x0000000606000000|  0%| F|  |TAMS 0x0000000605c00000, 0x0000000605c00000| Untracked 
|  24|0x0000000606000000, 0x0000000606000000, 0x0000000606400000|  0%| F|  |TAMS 0x0000000606000000, 0x0000000606000000| Untracked 
|  25|0x0000000606400000, 0x0000000606400000, 0x0000000606800000|  0%| F|  |TAMS 0x0000000606400000, 0x0000000606400000| Untracked 
|  26|0x0000000606800000, 0x0000000606800000, 0x0000000606c00000|  0%| F|  |TAMS 0x0000000606800000, 0x0000000606800000| Untracked 
|  27|0x0000000606c00000, 0x0000000606c00000, 0x0000000607000000|  0%| F|  |TAMS 0x0000000606c00000, 0x0000000606c00000| Untracked 
|  28|0x0000000607000000, 0x0000000607000000, 0x0000000607400000|  0%| F|  |TAMS 0x0000000607000000, 0x0000000607000000| Untracked 
|  29|0x0000000607400000, 0x0000000607400000, 0x0000000607800000|  0%| F|  |TAMS 0x0000000607400000, 0x0000000607400000| Untracked 
|  30|0x0000000607800000, 0x0000000607800000, 0x0000000607c00000|  0%| F|  |TAMS 0x0000000607800000, 0x0000000607800000| Untracked 
|  31|0x0000000607c00000, 0x0000000607c00000, 0x0000000608000000|  0%| F|  |TAMS 0x0000000607c00000, 0x0000000607c00000| Untracked 
|  32|0x0000000608000000, 0x0000000608000000, 0x0000000608400000|  0%| F|  |TAMS 0x0000000608000000, 0x0000000608000000| Untracked 
|  33|0x0000000608400000, 0x0000000608400000, 0x0000000608800000|  0%| F|  |TAMS 0x0000000608400000, 0x0000000608400000| Untracked 
|  34|0x0000000608800000, 0x0000000608800000, 0x0000000608c00000|  0%| F|  |TAMS 0x0000000608800000, 0x0000000608800000| Untracked 
|  35|0x0000000608c00000, 0x0000000608c00000, 0x0000000609000000|  0%| F|  |TAMS 0x0000000608c00000, 0x0000000608c00000| Untracked 
|  36|0x0000000609000000, 0x0000000609000000, 0x0000000609400000|  0%| F|  |TAMS 0x0000000609000000, 0x0000000609000000| Untracked 
|  37|0x0000000609400000, 0x0000000609400000, 0x0000000609800000|  0%| F|  |TAMS 0x0000000609400000, 0x0000000609400000| Untracked 
|  38|0x0000000609800000, 0x0000000609800000, 0x0000000609c00000|  0%| F|  |TAMS 0x0000000609800000, 0x0000000609800000| Untracked 
|  39|0x0000000609c00000, 0x0000000609c00000, 0x000000060a000000|  0%| F|  |TAMS 0x0000000609c00000, 0x0000000609c00000| Untracked 
|  40|0x000000060a000000, 0x000000060a000000, 0x000000060a400000|  0%| F|  |TAMS 0x000000060a000000, 0x000000060a000000| Untracked 
|  41|0x000000060a400000, 0x000000060a400000, 0x000000060a800000|  0%| F|  |TAMS 0x000000060a400000, 0x000000060a400000| Untracked 
|  42|0x000000060a800000, 0x000000060a800000, 0x000000060ac00000|  0%| F|  |TAMS 0x000000060a800000, 0x000000060a800000| Untracked 
|  43|0x000000060ac00000, 0x000000060ac00000, 0x000000060b000000|  0%| F|  |TAMS 0x000000060ac00000, 0x000000060ac00000| Untracked 
|  44|0x000000060b000000, 0x000000060b000000, 0x000000060b400000|  0%| F|  |TAMS 0x000000060b000000, 0x000000060b000000| Untracked 
|  45|0x000000060b400000, 0x000000060b400000, 0x000000060b800000|  0%| F|  |TAMS 0x000000060b400000, 0x000000060b400000| Untracked 
|  46|0x000000060b800000, 0x000000060b800000, 0x000000060bc00000|  0%| F|  |TAMS 0x000000060b800000, 0x000000060b800000| Untracked 
|  47|0x000000060bc00000, 0x000000060bc00000, 0x000000060c000000|  0%| F|  |TAMS 0x000000060bc00000, 0x000000060bc00000| Untracked 
|  48|0x000000060c000000, 0x000000060c000000, 0x000000060c400000|  0%| F|  |TAMS 0x000000060c000000, 0x000000060c000000| Untracked 
|  49|0x000000060c400000, 0x000000060c400000, 0x000000060c800000|  0%| F|  |TAMS 0x000000060c400000, 0x000000060c400000| Untracked 
|  50|0x000000060c800000, 0x000000060c800000, 0x000000060cc00000|  0%| F|  |TAMS 0x000000060c800000, 0x000000060c800000| Untracked 
|  51|0x000000060cc00000, 0x000000060cc00000, 0x000000060d000000|  0%| F|  |TAMS 0x000000060cc00000, 0x000000060cc00000| Untracked 
|  52|0x000000060d000000, 0x000000060d000000, 0x000000060d400000|  0%| F|  |TAMS 0x000000060d000000, 0x000000060d000000| Untracked 
|  53|0x000000060d400000, 0x000000060d400000, 0x000000060d800000|  0%| F|  |TAMS 0x000000060d400000, 0x000000060d400000| Untracked 
|  54|0x000000060d800000, 0x000000060d800000, 0x000000060dc00000|  0%| F|  |TAMS 0x000000060d800000, 0x000000060d800000| Untracked 
|  55|0x000000060dc00000, 0x000000060dc00000, 0x000000060e000000|  0%| F|  |TAMS 0x000000060dc00000, 0x000000060dc00000| Untracked 
|  56|0x000000060e000000, 0x000000060e000000, 0x000000060e400000|  0%| F|  |TAMS 0x000000060e000000, 0x000000060e000000| Untracked 
|  57|0x000000060e400000, 0x000000060e400000, 0x000000060e800000|  0%| F|  |TAMS 0x000000060e400000, 0x000000060e400000| Untracked 
|  58|0x000000060e800000, 0x000000060e800000, 0x000000060ec00000|  0%| F|  |TAMS 0x000000060e800000, 0x000000060e800000| Untracked 
|  59|0x000000060ec00000, 0x000000060ec00000, 0x000000060f000000|  0%| F|  |TAMS 0x000000060ec00000, 0x000000060ec00000| Untracked 
|  60|0x000000060f000000, 0x000000060f000000, 0x000000060f400000|  0%| F|  |TAMS 0x000000060f000000, 0x000000060f000000| Untracked 
|  61|0x000000060f400000, 0x000000060f400000, 0x000000060f800000|  0%| F|  |TAMS 0x000000060f400000, 0x000000060f400000| Untracked 
|  62|0x000000060f800000, 0x000000060f800000, 0x000000060fc00000|  0%| F|  |TAMS 0x000000060f800000, 0x000000060f800000| Untracked 
|  63|0x000000060fc00000, 0x000000060fc00000, 0x0000000610000000|  0%| F|  |TAMS 0x000000060fc00000, 0x000000060fc00000| Untracked 
|  64|0x0000000610000000, 0x0000000610000000, 0x0000000610400000|  0%| F|  |TAMS 0x0000000610000000, 0x0000000610000000| Untracked 
|  65|0x0000000610400000, 0x0000000610400000, 0x0000000610800000|  0%| F|  |TAMS 0x0000000610400000, 0x0000000610400000| Untracked 
|  66|0x0000000610800000, 0x0000000610800000, 0x0000000610c00000|  0%| F|  |TAMS 0x0000000610800000, 0x0000000610800000| Untracked 
|  67|0x0000000610c00000, 0x0000000610c00000, 0x0000000611000000|  0%| F|  |TAMS 0x0000000610c00000, 0x0000000610c00000| Untracked 
|  68|0x0000000611000000, 0x0000000611000000, 0x0000000611400000|  0%| F|  |TAMS 0x0000000611000000, 0x0000000611000000| Untracked 
|  69|0x0000000611400000, 0x0000000611400000, 0x0000000611800000|  0%| F|  |TAMS 0x0000000611400000, 0x0000000611400000| Untracked 
|  70|0x0000000611800000, 0x0000000611800000, 0x0000000611c00000|  0%| F|  |TAMS 0x0000000611800000, 0x0000000611800000| Untracked 
|  71|0x0000000611c00000, 0x0000000611c00000, 0x0000000612000000|  0%| F|  |TAMS 0x0000000611c00000, 0x0000000611c00000| Untracked 
|  72|0x0000000612000000, 0x0000000612000000, 0x0000000612400000|  0%| F|  |TAMS 0x0000000612000000, 0x0000000612000000| Untracked 
|  73|0x0000000612400000, 0x0000000612400000, 0x0000000612800000|  0%| F|  |TAMS 0x0000000612400000, 0x0000000612400000| Untracked 
|  74|0x0000000612800000, 0x0000000612800000, 0x0000000612c00000|  0%| F|  |TAMS 0x0000000612800000, 0x0000000612800000| Untracked 
|  75|0x0000000612c00000, 0x0000000612c00000, 0x0000000613000000|  0%| F|  |TAMS 0x0000000612c00000, 0x0000000612c00000| Untracked 
|  76|0x0000000613000000, 0x0000000613000000, 0x0000000613400000|  0%| F|  |TAMS 0x0000000613000000, 0x0000000613000000| Untracked 
|  77|0x0000000613400000, 0x0000000613400000, 0x0000000613800000|  0%| F|  |TAMS 0x0000000613400000, 0x0000000613400000| Untracked 
|  78|0x0000000613800000, 0x0000000613800000, 0x0000000613c00000|  0%| F|  |TAMS 0x0000000613800000, 0x0000000613800000| Untracked 
|  79|0x0000000613c00000, 0x0000000613c00000, 0x0000000614000000|  0%| F|  |TAMS 0x0000000613c00000, 0x0000000613c00000| Untracked 
|  80|0x0000000614000000, 0x0000000614000000, 0x0000000614400000|  0%| F|  |TAMS 0x0000000614000000, 0x0000000614000000| Untracked 
|  81|0x0000000614400000, 0x0000000614400000, 0x0000000614800000|  0%| F|  |TAMS 0x0000000614400000, 0x0000000614400000| Untracked 
|  82|0x0000000614800000, 0x0000000614800000, 0x0000000614c00000|  0%| F|  |TAMS 0x0000000614800000, 0x0000000614800000| Untracked 
|  83|0x0000000614c00000, 0x0000000614c00000, 0x0000000615000000|  0%| F|  |TAMS 0x0000000614c00000, 0x0000000614c00000| Untracked 
|  84|0x0000000615000000, 0x0000000615000000, 0x0000000615400000|  0%| F|  |TAMS 0x0000000615000000, 0x0000000615000000| Untracked 
|  85|0x0000000615400000, 0x0000000615400000, 0x0000000615800000|  0%| F|  |TAMS 0x0000000615400000, 0x0000000615400000| Untracked 
|  86|0x0000000615800000, 0x0000000615800000, 0x0000000615c00000|  0%| F|  |TAMS 0x0000000615800000, 0x0000000615800000| Untracked 
|  87|0x0000000615c00000, 0x0000000615c00000, 0x0000000616000000|  0%| F|  |TAMS 0x0000000615c00000, 0x0000000615c00000| Untracked 
|  88|0x0000000616000000, 0x0000000616000000, 0x0000000616400000|  0%| F|  |TAMS 0x0000000616000000, 0x0000000616000000| Untracked 
|  89|0x0000000616400000, 0x0000000616400000, 0x0000000616800000|  0%| F|  |TAMS 0x0000000616400000, 0x0000000616400000| Untracked 
|  90|0x0000000616800000, 0x0000000616800000, 0x0000000616c00000|  0%| F|  |TAMS 0x0000000616800000, 0x0000000616800000| Untracked 
|  91|0x0000000616c00000, 0x0000000616c00000, 0x0000000617000000|  0%| F|  |TAMS 0x0000000616c00000, 0x0000000616c00000| Untracked 
|  92|0x0000000617000000, 0x0000000617000000, 0x0000000617400000|  0%| F|  |TAMS 0x0000000617000000, 0x0000000617000000| Untracked 
|  93|0x0000000617400000, 0x0000000617400000, 0x0000000617800000|  0%| F|  |TAMS 0x0000000617400000, 0x0000000617400000| Untracked 
|  94|0x0000000617800000, 0x0000000617800000, 0x0000000617c00000|  0%| F|  |TAMS 0x0000000617800000, 0x0000000617800000| Untracked 
|  95|0x0000000617c00000, 0x0000000617c00000, 0x0000000618000000|  0%| F|  |TAMS 0x0000000617c00000, 0x0000000617c00000| Untracked 
|  96|0x0000000618000000, 0x0000000618000000, 0x0000000618400000|  0%| F|  |TAMS 0x0000000618000000, 0x0000000618000000| Untracked 
|  97|0x0000000618400000, 0x0000000618400000, 0x0000000618800000|  0%| F|  |TAMS 0x0000000618400000, 0x0000000618400000| Untracked 
|  98|0x0000000618800000, 0x0000000618800000, 0x0000000618c00000|  0%| F|  |TAMS 0x0000000618800000, 0x0000000618800000| Untracked 
|  99|0x0000000618c00000, 0x0000000618c00000, 0x0000000619000000|  0%| F|  |TAMS 0x0000000618c00000, 0x0000000618c00000| Untracked 
| 100|0x0000000619000000, 0x0000000619000000, 0x0000000619400000|  0%| F|  |TAMS 0x0000000619000000, 0x0000000619000000| Untracked 
| 101|0x0000000619400000, 0x0000000619400000, 0x0000000619800000|  0%| F|  |TAMS 0x0000000619400000, 0x0000000619400000| Untracked 
| 102|0x0000000619800000, 0x0000000619800000, 0x0000000619c00000|  0%| F|  |TAMS 0x0000000619800000, 0x0000000619800000| Untracked 
| 103|0x0000000619c00000, 0x0000000619c00000, 0x000000061a000000|  0%| F|  |TAMS 0x0000000619c00000, 0x0000000619c00000| Untracked 
| 104|0x000000061a000000, 0x000000061a000000, 0x000000061a400000|  0%| F|  |TAMS 0x000000061a000000, 0x000000061a000000| Untracked 
| 105|0x000000061a400000, 0x000000061a400000, 0x000000061a800000|  0%| F|  |TAMS 0x000000061a400000, 0x000000061a400000| Untracked 
| 106|0x000000061a800000, 0x000000061a800000, 0x000000061ac00000|  0%| F|  |TAMS 0x000000061a800000, 0x000000061a800000| Untracked 
| 107|0x000000061ac00000, 0x000000061ac00000, 0x000000061b000000|  0%| F|  |TAMS 0x000000061ac00000, 0x000000061ac00000| Untracked 
| 108|0x000000061b000000, 0x000000061b000000, 0x000000061b400000|  0%| F|  |TAMS 0x000000061b000000, 0x000000061b000000| Untracked 
| 109|0x000000061b400000, 0x000000061b400000, 0x000000061b800000|  0%| F|  |TAMS 0x000000061b400000, 0x000000061b400000| Untracked 
| 110|0x000000061b800000, 0x000000061b800000, 0x000000061bc00000|  0%| F|  |TAMS 0x000000061b800000, 0x000000061b800000| Untracked 
| 111|0x000000061bc00000, 0x000000061bc00000, 0x000000061c000000|  0%| F|  |TAMS 0x000000061bc00000, 0x000000061bc00000| Untracked 
| 112|0x000000061c000000, 0x000000061c000000, 0x000000061c400000|  0%| F|  |TAMS 0x000000061c000000, 0x000000061c000000| Untracked 
| 113|0x000000061c400000, 0x000000061c400000, 0x000000061c800000|  0%| F|  |TAMS 0x000000061c400000, 0x000000061c400000| Untracked 
| 114|0x000000061c800000, 0x000000061c800000, 0x000000061cc00000|  0%| F|  |TAMS 0x000000061c800000, 0x000000061c800000| Untracked 
| 115|0x000000061cc00000, 0x000000061cc00000, 0x000000061d000000|  0%| F|  |TAMS 0x000000061cc00000, 0x000000061cc00000| Untracked 
| 116|0x000000061d000000, 0x000000061d000000, 0x000000061d400000|  0%| F|  |TAMS 0x000000061d000000, 0x000000061d000000| Untracked 
| 117|0x000000061d400000, 0x000000061d400000, 0x000000061d800000|  0%| F|  |TAMS 0x000000061d400000, 0x000000061d400000| Untracked 
| 118|0x000000061d800000, 0x000000061d800000, 0x000000061dc00000|  0%| F|  |TAMS 0x000000061d800000, 0x000000061d800000| Untracked 
| 119|0x000000061dc00000, 0x000000061dc00000, 0x000000061e000000|  0%| F|  |TAMS 0x000000061dc00000, 0x000000061dc00000| Untracked 
| 120|0x000000061e000000, 0x000000061e000000, 0x000000061e400000|  0%| F|  |TAMS 0x000000061e000000, 0x000000061e000000| Untracked 
| 121|0x000000061e400000, 0x000000061e400000, 0x000000061e800000|  0%| F|  |TAMS 0x000000061e400000, 0x000000061e400000| Untracked 
| 122|0x000000061e800000, 0x000000061e87b620, 0x000000061ec00000| 12%| E|  |TAMS 0x000000061e800000, 0x000000061e800000| Complete 
| 123|0x000000061ec00000, 0x000000061f000000, 0x000000061f000000|100%| E|CS|TAMS 0x000000061ec00000, 0x000000061ec00000| Complete 
| 124|0x000000061f000000, 0x000000061f400000, 0x000000061f400000|100%| E|CS|TAMS 0x000000061f000000, 0x000000061f000000| Complete 
| 125|0x000000061f400000, 0x000000061f800000, 0x000000061f800000|100%| E|CS|TAMS 0x000000061f400000, 0x000000061f400000| Complete 
| 126|0x000000061f800000, 0x000000061fc00000, 0x000000061fc00000|100%| E|CS|TAMS 0x000000061f800000, 0x000000061f800000| Complete 
| 127|0x000000061fc00000, 0x0000000620000000, 0x0000000620000000|100%| E|CS|TAMS 0x000000061fc00000, 0x000000061fc00000| Complete 
|2046|0x00000007ff800000, 0x00000007ffb78000, 0x00000007ffc00000| 86%|OA|  |TAMS 0x00000007ff800000, 0x00000007ff800000| Untracked 
|2047|0x00000007ffc00000, 0x00000007ffc80000, 0x0000000800000000| 12%|CA|  |TAMS 0x00000007ffc00000, 0x00000007ffc00000| Untracked 

Card table byte_map: [0x000000010f480000,0x0000000110480000] _byte_map_base: 0x000000010c480000

Marking Bits (Prev, Next): (CMBitMap*) 0x0000000159beba10, (CMBitMap*) 0x0000000159beba50
 Prev Bits: [0x0000000111480000, 0x0000000119480000)
 Next Bits: [0x0000000128000000, 0x0000000130000000)

Polling page: 0x0000000104c60000

Metaspace:

Usage:
  Non-class:      3.50 MB used.
      Class:    409.09 KB used.
       Both:      3.90 MB used.

Virtual space:
  Non-class space:        8.00 MB reserved,       3.56 MB ( 45%) committed,  1 nodes.
      Class space:        1.00 GB reserved,     512.00 KB ( <1%) committed,  1 nodes.
             Both:        1.01 GB reserved,       4.06 MB ( <1%) committed. 

Chunk freelists:
   Non-Class:  3.92 MB
       Class:  3.53 MB
        Both:  7.45 MB

MaxMetaspaceSize: unlimited
CompressedClassSpaceSize: 1.00 GB
Initial GC threshold: 21.00 MB
Current GC threshold: 21.00 MB
CDS: on
MetaspaceReclaimPolicy: balanced
 - commit_granule_bytes: 65536.
 - commit_granule_words: 8192.
 - virtual_space_node_default_size: 1048576.
 - enlarge_chunks_in_place: 1.
 - new_chunks_are_fully_committed: 0.
 - uncommit_free_chunks: 1.
 - use_allocation_guard: 0.
 - handle_deallocations: 1.


Internal statistics:

num_allocs_failed_limit: 0.
num_arena_births: 60.
num_arena_deaths: 0.
num_vsnodes_births: 2.
num_vsnodes_deaths: 0.
num_space_committed: 65.
num_space_uncommitted: 0.
num_chunks_returned_to_freelist: 0.
num_chunks_taken_from_freelist: 79.
num_chunk_merges: 0.
num_chunk_splits: 41.
num_chunks_enlarged: 15.
num_purges: 0.
num_inconsistent_stats: 0.

CodeHeap 'non-profiled nmethods': size=120032Kb used=461Kb max_used=461Kb free=119571Kb
 bounds [0x0000000172f84000, 0x00000001731f4000, 0x000000017a4bc000]
CodeHeap 'profiled nmethods': size=120016Kb used=2449Kb max_used=2449Kb free=117566Kb
 bounds [0x000000016b4bc000, 0x000000016b72c000, 0x00000001729f0000]
CodeHeap 'non-nmethods': size=5712Kb used=1218Kb max_used=1218Kb free=4494Kb
 bounds [0x00000001729f0000, 0x0000000172c60000, 0x0000000172f84000]
 total_blobs=1529 nmethods=1096 adapters=346
 compilation: enabled
              stopped_count=0, restarted_count=0
 full_count=0

Compilation events (20 events):
Event: 1.060 Thread 0x000000014981ba00 1052       4       jdk.internal.org.objectweb.asm.Label::<init> (5 bytes)
Event: 1.060 Thread 0x000000014981ba00 nmethod 1052 0x0000000172ff2810 code [0x0000000172ff2980, 0x0000000172ff29d0]
Event: 1.060 Thread 0x000000014980f200 1094       3       java.lang.invoke.MemberName::getType (19 bytes)
Event: 1.060 Thread 0x000000014981ba00 1088       4       jdk.jfr.internal.EventWriter::putUncheckedByte (22 bytes)
Event: 1.060 Thread 0x000000014981ba00 nmethod 1088 0x0000000172ff2b10 code [0x0000000172ff2c80, 0x0000000172ff2d10]
Event: 1.060 Thread 0x000000014981ba00 1014       4       java.util.ArrayList::<init> (12 bytes)
Event: 1.060 Thread 0x000000014980f200 nmethod 1094 0x000000016b718210 code [0x000000016b718400, 0x000000016b7187f8]
Event: 1.061 Thread 0x000000014981ba00 nmethod 1014 0x0000000172ff2e10 code [0x0000000172ff2fc0, 0x0000000172ff3110]
Event: 1.061 Thread 0x000000014981ba00 1090       4       jdk.jfr.internal.EventWriter::putUncheckedLong (278 bytes)
Event: 1.061 Thread 0x000000014980f200 1095       3       java.lang.invoke.MemberName::checkForTypeAlias (172 bytes)
Event: 1.061 Thread 0x000000014981ba00 nmethod 1090 0x0000000172ff3810 code [0x0000000172ff39c0, 0x0000000172ff3b40]
Event: 1.062 Thread 0x000000014980f200 nmethod 1095 0x000000016b718a90 code [0x000000016b7190c0, 0x000000016b71b098]
Event: 1.062 Thread 0x000000014980f200 1096       3       java.lang.invoke.MemberName::isCallerSensitive (8 bytes)
Event: 1.062 Thread 0x000000014980f200 nmethod 1096 0x000000016b71c410 code [0x000000016b71c5c0, 0x000000016b71c7d8]
Event: 1.062 Thread 0x000000014980f200 1098       3       java.lang.invoke.MemberName::getInvocationType (56 bytes)
Event: 1.062 Thread 0x000000014980f200 nmethod 1098 0x000000016b71c990 code [0x000000016b71cc00, 0x000000016b71d4e8]
Event: 1.062 Thread 0x000000013984f600 nmethod 1009 0x0000000172ff3f90 code [0x0000000172ff42c0, 0x0000000172ff5c90]
Event: 1.066 Thread 0x000000014980f200 1101   !   3       jdk.jfr.internal.Control::setValue (85 bytes)
Event: 1.066 Thread 0x000000014981ba00 1103       4       jdk.jfr.internal.JVM::getJVM (4 bytes)
Event: 1.066 Thread 0x000000014981ba00 nmethod 1103 0x0000000172ff7110 code [0x0000000172ff7280, 0x0000000172ff72d0]

GC Heap History (0 events):
No events

Deoptimization events (20 events):
Event: 1.055 Thread 0x0000000159bd2600 Uncommon trap: trap_request=0xffffffde fr.pc=0x0000000172fe4fc4 relative=0x0000000000000084
Event: 1.055 Thread 0x0000000159bd2600 Uncommon trap: reason=class_check action=maybe_recompile pc=0x0000000172fe4fc4 method=java.util.Collections$UnmodifiableCollection$1.hasNext()Z @ 4 c2
Event: 1.055 Thread 0x0000000159bd2600 DEOPT PACKING pc=0x0000000172fe4fc4 sp=0x000000016b4b6060
Event: 1.055 Thread 0x0000000159bd2600 DEOPT UNPACKING pc=0x0000000172a2ed1c sp=0x000000016b4b6010 mode 2
Event: 1.055 Thread 0x0000000159bd2600 Uncommon trap: trap_request=0xffffffde fr.pc=0x0000000172fe4fc4 relative=0x0000000000000084
Event: 1.055 Thread 0x0000000159bd2600 Uncommon trap: reason=class_check action=maybe_recompile pc=0x0000000172fe4fc4 method=java.util.Collections$UnmodifiableCollection$1.hasNext()Z @ 4 c2
Event: 1.055 Thread 0x0000000159bd2600 DEOPT PACKING pc=0x0000000172fe4fc4 sp=0x000000016b4b6060
Event: 1.055 Thread 0x0000000159bd2600 DEOPT UNPACKING pc=0x0000000172a2ed1c sp=0x000000016b4b6010 mode 2
Event: 1.056 Thread 0x0000000159bd2600 Uncommon trap: trap_request=0xffffff45 fr.pc=0x0000000172fafb54 relative=0x0000000000000114
Event: 1.056 Thread 0x0000000159bd2600 Uncommon trap: reason=unstable_if action=reinterpret pc=0x0000000172fafb54 method=java.util.ArrayDeque.pollFirst()Ljava/lang/Object; @ 17 c2
Event: 1.056 Thread 0x0000000159bd2600 DEOPT PACKING pc=0x0000000172fafb54 sp=0x000000016b4b5da0
Event: 1.056 Thread 0x0000000159bd2600 DEOPT UNPACKING pc=0x0000000172a2ed1c sp=0x000000016b4b5d40 mode 2
Event: 1.058 Thread 0x0000000159bd2600 Uncommon trap: trap_request=0xffffff45 fr.pc=0x0000000172fa3b64 relative=0x00000000000001a4
Event: 1.058 Thread 0x0000000159bd2600 Uncommon trap: reason=unstable_if action=reinterpret pc=0x0000000172fa3b64 method=java.io.ByteArrayInputStream.read()I @ 8 c2
Event: 1.058 Thread 0x0000000159bd2600 DEOPT PACKING pc=0x0000000172fa3b64 sp=0x000000016b4b5570
Event: 1.058 Thread 0x0000000159bd2600 DEOPT UNPACKING pc=0x0000000172a2ed1c sp=0x000000016b4b5500 mode 2
Event: 1.059 Thread 0x0000000159bd2600 Uncommon trap: trap_request=0xffffff45 fr.pc=0x0000000172fa31d8 relative=0x0000000000000418
Event: 1.059 Thread 0x0000000159bd2600 Uncommon trap: reason=unstable_if action=reinterpret pc=0x0000000172fa31d8 method=java.lang.StringUTF16.compress([CII)[B @ 13 c2
Event: 1.059 Thread 0x0000000159bd2600 DEOPT PACKING pc=0x0000000172fa31d8 sp=0x000000016b4b5330
Event: 1.059 Thread 0x0000000159bd2600 DEOPT UNPACKING pc=0x0000000172a2ed1c sp=0x000000016b4b5260 mode 2

Classes unloaded (0 events):
No events

Classes redefined (20 events):
Event: 1.025 Thread 0x000000011965f6f0 redefined class name=sun.nio.ch.SocketChannelImpl, count=1
Event: 1.025 Thread 0x000000011965f6f0 redefined class name=java.lang.Throwable, count=1
Event: 1.025 Thread 0x000000011965f6f0 redefined class name=java.lang.Error, count=2
Event: 1.051 Thread 0x000000011965f6f0 redefined class name=jdk.internal.event.ProcessStartEvent, count=1
Event: 1.051 Thread 0x000000011965f6f0 redefined class name=jdk.jfr.events.ContainerIOUsageEvent, count=1
Event: 1.051 Thread 0x000000011965f6f0 redefined class name=jdk.jfr.events.ContainerMemoryUsageEvent, count=1
Event: 1.051 Thread 0x000000011965f6f0 redefined class name=jdk.jfr.events.ContainerCPUThrottlingEvent, count=1
Event: 1.051 Thread 0x000000011965f6f0 redefined class name=jdk.jfr.events.ContainerCPUUsageEvent, count=1
Event: 1.051 Thread 0x000000011965f6f0 redefined class name=jdk.jfr.events.ContainerConfigurationEvent, count=1
Event: 1.051 Thread 0x000000011965f6f0 redefined class name=jdk.jfr.events.InitialSecurityPropertyEvent, count=1
Event: 1.051 Thread 0x000000011965f6f0 redefined class name=jdk.jfr.events.DirectBufferStatisticsEvent, count=1
Event: 1.051 Thread 0x000000011965f6f0 redefined class name=jdk.jfr.events.ActiveRecordingEvent, count=1
Event: 1.051 Thread 0x000000011965f6f0 redefined class name=jdk.jfr.events.ActiveSettingEvent, count=1
Event: 1.051 Thread 0x000000011965f6f0 redefined class name=jdk.jfr.events.ErrorThrownEvent, count=1
Event: 1.051 Thread 0x000000011965f6f0 redefined class name=jdk.jfr.events.ExceptionStatisticsEvent, count=1
Event: 1.051 Thread 0x000000011965f6f0 redefined class name=jdk.jfr.events.SocketWriteEvent, count=1
Event: 1.051 Thread 0x000000011965f6f0 redefined class name=jdk.jfr.events.SocketReadEvent, count=1
Event: 1.051 Thread 0x000000011965f6f0 redefined class name=jdk.jfr.events.FileWriteEvent, count=1
Event: 1.051 Thread 0x000000011965f6f0 redefined class name=jdk.jfr.events.FileReadEvent, count=1
Event: 1.051 Thread 0x000000011965f6f0 redefined class name=jdk.jfr.events.FileForceEvent, count=1

Internal exceptions (20 events):
Event: 0.969 Thread 0x0000000159bd2600 Exception <a 'java/lang/ClassNotFoundException'{0x000000061f4094d8}: jdk/jfr/internal/handlers/EventHandler1443_1687850781464-1181> (0x000000061f4094d8) 
thrown [open/src/hotspot/share/classfile/systemDictionary.cpp, line 256]
Event: 0.970 Thread 0x0000000159bd2600 Exception <a 'java/lang/ClassNotFoundException'{0x000000061f415860}: jdk/jfr/internal/handlers/EventHandler1445_1687850781464-1181> (0x000000061f415860) 
thrown [open/src/hotspot/share/classfile/systemDictionary.cpp, line 256]
Event: 0.971 Thread 0x0000000159bd2600 Exception <a 'java/lang/ClassNotFoundException'{0x000000061f4380e8}: jdk/jfr/internal/handlers/EventHandler1447_1687850781464-1181> (0x000000061f4380e8) 
thrown [open/src/hotspot/share/classfile/systemDictionary.cpp, line 256]
Event: 0.972 Thread 0x0000000159bd2600 Exception <a 'java/lang/ClassNotFoundException'{0x000000061f44a5b8}: jdk/jfr/internal/handlers/EventHandler1449_1687850781464-1181> (0x000000061f44a5b8) 
thrown [open/src/hotspot/share/classfile/systemDictionary.cpp, line 256]
Event: 0.973 Thread 0x0000000159bd2600 Exception <a 'java/lang/ClassNotFoundException'{0x000000061f45a5b0}: jdk/jfr/internal/handlers/EventHandler1451_1687850781464-1181> (0x000000061f45a5b0) 
thrown [open/src/hotspot/share/classfile/systemDictionary.cpp, line 256]
Event: 0.974 Thread 0x0000000159bd2600 Exception <a 'java/lang/ClassNotFoundException'{0x000000061f4674f8}: jdk/jfr/internal/handlers/EventHandler1453_1687850781464-1181> (0x000000061f4674f8) 
thrown [open/src/hotspot/share/classfile/systemDictionary.cpp, line 256]
Event: 0.975 Thread 0x0000000159bd2600 Exception <a 'java/lang/ClassNotFoundException'{0x000000061f48f040}: jdk/jfr/internal/handlers/EventHandler1455_1687850781464-1181> (0x000000061f48f040) 
thrown [open/src/hotspot/share/classfile/systemDictionary.cpp, line 256]
Event: 0.976 Thread 0x0000000159bd2600 Exception <a 'java/lang/ClassNotFoundException'{0x000000061f4a3748}: jdk/jfr/internal/handlers/EventHandler1457_1687850781464-1181> (0x000000061f4a3748) 
thrown [open/src/hotspot/share/classfile/systemDictionary.cpp, line 256]
Event: 0.977 Thread 0x0000000159bd2600 Exception <a 'java/lang/ClassNotFoundException'{0x000000061f4bbf50}: jdk/jfr/internal/handlers/EventHandler1459_1687850781464-1181> (0x000000061f4bbf50) 
thrown [open/src/hotspot/share/classfile/systemDictionary.cpp, line 256]
Event: 0.978 Thread 0x0000000159bd2600 Exception <a 'java/lang/ClassNotFoundException'{0x000000061f4cc150}: jdk/jfr/internal/handlers/EventHandler1462_1687850781464-1181> (0x000000061f4cc150) 
thrown [open/src/hotspot/share/classfile/systemDictionary.cpp, line 256]
Event: 0.978 Thread 0x0000000159bd2600 Exception <a 'java/lang/ClassNotFoundException'{0x000000061f4d7aa8}: jdk/jfr/internal/handlers/EventHandler1464_1687850781464-1181> (0x000000061f4d7aa8) 
thrown [open/src/hotspot/share/classfile/systemDictionary.cpp, line 256]
Event: 0.980 Thread 0x0000000159bd2600 Exception <a 'java/lang/ClassNotFoundException'{0x000000061f4ee528}: jdk/jfr/internal/handlers/EventHandler1727_1687850781464-1181> (0x000000061f4ee528) 
thrown [open/src/hotspot/share/classfile/systemDictionary.cpp, line 256]
Event: 0.980 Thread 0x0000000159bd2600 Exception <a 'java/lang/ClassNotFoundException'{0x000000061f4fe438}: jdk/jfr/internal/handlers/EventHandler1730_1687850781464-1181> (0x000000061f4fe438) 
thrown [open/src/hotspot/share/classfile/systemDictionary.cpp, line 256]
Event: 0.981 Thread 0x0000000159bd2600 Exception <a 'java/lang/ClassNotFoundException'{0x000000061f50bd98}: jdk/jfr/internal/handlers/EventHandler1733_1687850781464-1181> (0x000000061f50bd98) 
thrown [open/src/hotspot/share/classfile/systemDictionary.cpp, line 256]
Event: 0.981 Thread 0x0000000159bd2600 Exception <a 'java/lang/ClassNotFoundException'{0x000000061f519e10}: jdk/jfr/internal/handlers/EventHandler1736_1687850781464-1181> (0x000000061f519e10) 
thrown [open/src/hotspot/share/classfile/systemDictionary.cpp, line 256]
Event: 0.982 Thread 0x0000000159bd2600 Exception <a 'java/lang/ClassNotFoundException'{0x000000061f526518}: jdk/jfr/internal/handlers/EventHandler1739_1687850781464-1181> (0x000000061f526518) 
thrown [open/src/hotspot/share/classfile/systemDictionary.cpp, line 256]
Event: 1.027 Thread 0x0000000159bd2600 Exception <a 'java/lang/NoSuchMethodError'{0x000000061f326d98}: 'void java.lang.invoke.DirectMethodHandle$Holder.invokeStatic(java.lang.Object, java.lang.Object, int)'> (0x000000061f326d98) 
thrown [open/src/hotspot/share/interpreter/linkResolver.cpp, line 759]
Event: 1.028 Thread 0x0000000159bd2600 Exception <a 'java/lang/NoSuchMethodError'{0x000000061f32cee8}: 'java.lang.Object java.lang.invoke.DirectMethodHandle$Holder.newInvokeSpecial(java.lang.Object, java.lang.Object, int)'> (0x000000061f32cee8) 
thrown [open/src/hotspot/share/interpreter/linkResolver.cpp, line 759]
Event: 1.034 Thread 0x0000000159bd2600 Exception <a 'java/lang/NoSuchMethodError'{0x000000061f35cf50}: 'void java.lang.invoke.DirectMethodHandle$Holder.invokeSpecial(java.lang.Object, java.lang.Object, java.lang.Object)'> (0x000000061f35cf50) 
thrown [open/src/hotspot/share/interpreter/linkResolver.cpp, line 759]
Event: 1.060 Thread 0x0000000159bd2600 Exception <a 'java/lang/ClassNotFoundException'{0x000000061efc2a58}: sun/launcher/resources/spi/launcherProvider> (0x000000061efc2a58) 
thrown [open/src/hotspot/share/classfile/systemDictionary.cpp, line 256]

VM Operations (20 events):
Event: 1.029 Executing VM operation: HandshakeAllThreads
Event: 1.029 Executing VM operation: HandshakeAllThreads done
Event: 1.032 Executing VM operation: HandshakeAllThreads
Event: 1.032 Executing VM operation: HandshakeAllThreads done
Event: 1.042 Executing VM operation: JFRCheckpoint
Event: 1.042 Executing VM operation: JFRCheckpoint done
Event: 1.044 Executing VM operation: JFROldObject
Event: 1.044 Executing VM operation: JFROldObject done
Event: 1.050 Executing VM operation: RedefineClasses
Event: 1.052 Executing VM operation: RedefineClasses done
Event: 1.054 Executing VM operation: ClassLoaderStatsOperation
Event: 1.054 Executing VM operation: ClassLoaderStatsOperation done
Event: 1.062 Executing VM operation: HandshakeAllThreads
Event: 1.062 Executing VM operation: HandshakeAllThreads done
Event: 1.065 Executing VM operation: ClassLoaderStatsOperation
Event: 1.065 Executing VM operation: ClassLoaderStatsOperation done
Event: 1.065 Executing VM operation: JFRCheckpoint
Event: 1.065 Executing VM operation: JFRCheckpoint done
Event: 1.066 Executing VM operation: JFROldObject
Event: 1.066 Executing VM operation: JFROldObject done

Events (20 events):
Event: 1.061 loading class sun/launcher/resources/launcher_ko
Event: 1.061 loading class sun/launcher/resources/launcher_ko done
Event: 1.061 loading class sun/launcher/resources/launcher_ko
Event: 1.061 loading class sun/launcher/resources/launcher_ko done
Event: 1.061 loading class sun/launcher/resources/launcher_ko_KR
Event: 1.061 loading class sun/launcher/resources/launcher_ko_KR done
Event: 1.061 loading class sun/launcher/resources/launcher_ko_KR
Event: 1.061 loading class sun/launcher/resources/launcher_ko_KR done
Event: 1.061 loading class java/text/MessageFormat
Event: 1.062 loading class java/text/MessageFormat done
Event: 1.062 loading class java/text/MessageFormat$Field
Event: 1.062 loading class java/text/MessageFormat$Field done
Event: 1.063 Thread 0x0000000139a20c00 Thread added: 0x0000000139a20c00
Event: 1.063 Protecting memory [0x000000017d578000,0x000000017d584000] with protection modes 0
Event: 1.063 loading class jdk/jfr/internal/OldObjectSample
Event: 1.063 loading class jdk/jfr/internal/OldObjectSample done
Event: 1.063 loading class jdk/jfr/internal/test/WhiteBox
Event: 1.063 loading class jdk/jfr/internal/test/WhiteBox done
Event: 1.066 loading class jdk/jfr/internal/FilePurger
Event: 1.066 loading class jdk/jfr/internal/FilePurger done


Dynamic libraries:
0x0000000104c10000 	/Library/Java/JavaVirtualMachines/jdk-17.jdk/Contents/Home/lib/libjli.dylib
0x00000001a9a62000 	/System/Library/Frameworks/Cocoa.framework/Versions/A/Cocoa
0x0000000195cae000 	/System/Library/Frameworks/AppKit.framework/Versions/C/AppKit
0x00000001991b4000 	/System/Library/Frameworks/CoreData.framework/Versions/A/CoreData
0x0000000194009000 	/System/Library/Frameworks/Foundation.framework/Versions/C/Foundation
0x000000019dc0b000 	/usr/lib/libSystem.B.dylib
0x0000000196b66000 	/System/Library/PrivateFrameworks/UIFoundation.framework/Versions/A/UIFoundation
0x00000001a3c43000 	/System/Library/PrivateFrameworks/RemoteViewServices.framework/Versions/A/RemoteViewServices
0x000000019c0c9000 	/System/Library/PrivateFrameworks/XCTTargetBootstrap.framework/Versions/A/XCTTargetBootstrap
0x000000019f947000 	/System/Library/PrivateFrameworks/InternationalSupport.framework/Versions/A/InternationalSupport
0x000000019f9d0000 	/System/Library/PrivateFrameworks/UserActivity.framework/Versions/A/UserActivity
0x000000019ee42000 	/usr/lib/libspindump.dylib
0x0000000196dd7000 	/System/Library/Frameworks/UniformTypeIdentifiers.framework/Versions/A/UniformTypeIdentifiers
0x000000019a614000 	/usr/lib/libapp_launch_measurement.dylib
0x0000000199b3e000 	/System/Library/PrivateFrameworks/CoreAnalytics.framework/Versions/A/CoreAnalytics
0x000000019a617000 	/System/Library/PrivateFrameworks/CoreAutoLayout.framework/Versions/A/CoreAutoLayout
0x000000019b9ba000 	/System/Library/Frameworks/Metal.framework/Versions/A/Metal
0x000000019c731000 	/usr/lib/liblangid.dylib
0x000000019c0ce000 	/System/Library/PrivateFrameworks/CoreSVG.framework/Versions/A/CoreSVG
0x0000000198268000 	/System/Library/PrivateFrameworks/SkyLight.framework/Versions/A/SkyLight
0x000000019863d000 	/System/Library/Frameworks/CoreGraphics.framework/Versions/A/CoreGraphics
0x00000001a430f000 	/System/Library/Frameworks/Accelerate.framework/Versions/A/Accelerate
0x000000019e8b9000 	/System/Library/PrivateFrameworks/IconServices.framework/Versions/A/IconServices
0x000000019b99c000 	/System/Library/Frameworks/IOSurface.framework/Versions/A/IOSurface
0x0000000199b6f000 	/usr/lib/libDiagnosticMessagesClient.dylib
0x000000019db54000 	/usr/lib/libz.1.dylib
0x00000001a7810000 	/System/Library/Frameworks/ApplicationServices.framework/Versions/A/ApplicationServices
0x000000019c0b1000 	/System/Library/PrivateFrameworks/DFRFoundation.framework/Versions/A/DFRFoundation
0x000000019553e000 	/usr/lib/libicucore.A.dylib
0x00000001a07f3000 	/System/Library/Frameworks/AudioToolbox.framework/Versions/A/AudioToolbox
0x000000019f953000 	/System/Library/PrivateFrameworks/DataDetectorsCore.framework/Versions/A/DataDetectorsCore
0x00000001b6293000 	/System/Library/PrivateFrameworks/TextInput.framework/Versions/A/TextInput
0x00000001981dd000 	/usr/lib/libMobileGestalt.dylib
0x000000019bd7d000 	/System/Library/Frameworks/Carbon.framework/Versions/A/Frameworks/HIToolbox.framework/Versions/A/HIToolbox
0x0000000199ff0000 	/System/Library/Frameworks/QuartzCore.framework/Versions/A/QuartzCore
0x00000001951c1000 	/System/Library/Frameworks/Security.framework/Versions/A/Security
0x00000001a3c83000 	/System/Library/Frameworks/Carbon.framework/Versions/A/Frameworks/SpeechRecognition.framework/Versions/A/SpeechRecognition
0x000000019a36a000 	/System/Library/PrivateFrameworks/CoreUI.framework/Versions/A/CoreUI
0x0000000194a9e000 	/System/Library/Frameworks/CoreAudio.framework/Versions/A/CoreAudio
0x0000000199c64000 	/System/Library/Frameworks/DiskArbitration.framework/Versions/A/DiskArbitration
0x000000019f24c000 	/System/Library/PrivateFrameworks/MultitouchSupport.framework/Versions/A/MultitouchSupport
0x00000001981db000 	/usr/lib/libenergytrace.dylib
0x0000000195b76000 	/System/Library/Frameworks/IOKit.framework/Versions/A/IOKit
0x00000001a4072000 	/System/Library/Frameworks/CoreServices.framework/Versions/A/CoreServices
0x000000019a5a4000 	/System/Library/PrivateFrameworks/PerformanceAnalysis.framework/Versions/A/PerformanceAnalysis
0x00000001f457b000 	/System/Library/Frameworks/OpenGL.framework/Versions/A/OpenGL
0x000000019d1ab000 	/System/Library/PrivateFrameworks/MobileKeyBag.framework/Versions/A/MobileKeyBag
0x0000000192f45000 	/usr/lib/libobjc.A.dylib
0x0000000198c4a000 	/System/Library/Frameworks/ColorSync.framework/Versions/A/ColorSync
0x000000019310e000 	/System/Library/Frameworks/CoreFoundation.framework/Versions/A/CoreFoundation
0x000000019c34d000 	/System/Library/Frameworks/CoreImage.framework/Versions/A/CoreImage
0x00000001948c2000 	/System/Library/Frameworks/CoreText.framework/Versions/A/CoreText
0x000000019c0fe000 	/System/Library/Frameworks/ImageIO.framework/Versions/A/ImageIO
0x000000019dc11000 	/System/Library/PrivateFrameworks/SoftLinking.framework/Versions/A/SoftLinking
0x000000019a662000 	/usr/lib/libxml2.2.dylib
0x0000000193008000 	/usr/lib/libc++.1.dylib
0x000000019deaa000 	/usr/lib/libcompression.dylib
0x000000019f8a3000 	/System/Library/PrivateFrameworks/TextureIO.framework/Versions/A/TextureIO
0x000000019e5d2000 	/usr/lib/libate.dylib
0x000000019dc05000 	/usr/lib/system/libcache.dylib
0x000000019dbc3000 	/usr/lib/system/libcommonCrypto.dylib
0x000000019dbec000 	/usr/lib/system/libcompiler_rt.dylib
0x000000019dbe3000 	/usr/lib/system/libcopyfile.dylib
0x0000000192e4b000 	/usr/lib/system/libcorecrypto.dylib
0x0000000192efe000 	/usr/lib/system/libdispatch.dylib
0x00000001930cc000 	/usr/lib/system/libdyld.dylib
0x000000019dbfb000 	/usr/lib/system/libkeymgr.dylib
0x000000019db9e000 	/usr/lib/system/libmacho.dylib
0x000000019d293000 	/usr/lib/system/libquarantine.dylib
0x000000019dbf8000 	/usr/lib/system/libremovefile.dylib
0x0000000198234000 	/usr/lib/system/libsystem_asl.dylib
0x0000000192ded000 	/usr/lib/system/libsystem_blocks.dylib
0x0000000192f86000 	/usr/lib/system/libsystem_c.dylib
0x000000019dbf0000 	/usr/lib/system/libsystem_collections.dylib
0x000000019c721000 	/usr/lib/system/libsystem_configuration.dylib
0x000000019b97d000 	/usr/lib/system/libsystem_containermanager.dylib
0x000000019d900000 	/usr/lib/system/libsystem_coreservices.dylib
0x00000001957f4000 	/usr/lib/system/libsystem_darwin.dylib
0x000000019dbfc000 	/usr/lib/system/libsystem_dnssd.dylib
0x0000000192f83000 	/usr/lib/system/libsystem_featureflags.dylib
0x00000001930e1000 	/usr/lib/system/libsystem_info.dylib
0x000000019db66000 	/usr/lib/system/libsystem_m.dylib
0x0000000192ed3000 	/usr/lib/system/libsystem_malloc.dylib
0x00000001981c3000 	/usr/lib/system/libsystem_networkextension.dylib
0x0000000195c4d000 	/usr/lib/system/libsystem_notify.dylib
0x00000001a3f49000 	/usr/lib/system/libsystem_product_info_filter.dylib
0x000000019c726000 	/usr/lib/system/libsystem_sandbox.dylib
0x000000019dbf5000 	/usr/lib/system/libsystem_secinit.dylib
0x0000000193087000 	/usr/lib/system/libsystem_kernel.dylib
0x00000001930d9000 	/usr/lib/system/libsystem_platform.dylib
0x00000001930bf000 	/usr/lib/system/libsystem_pthread.dylib
0x000000019998c000 	/usr/lib/system/libsystem_symptoms.dylib
0x0000000192e31000 	/usr/lib/system/libsystem_trace.dylib
0x000000019dbd0000 	/usr/lib/system/libunwind.dylib
0x0000000192def000 	/usr/lib/system/libxpc.dylib
0x000000019306f000 	/usr/lib/libc++abi.dylib
0x000000019dbdb000 	/usr/lib/liboah.dylib
0x000000019e497000 	/usr/lib/liblzma.5.dylib
0x0000000193cfd000 	/System/Library/Frameworks/SystemConfiguration.framework/Versions/A/SystemConfiguration
0x000000019dc0d000 	/usr/lib/libfakelink.dylib
0x0000000197d0f000 	/System/Library/Frameworks/CFNetwork.framework/Versions/A/CFNetwork
0x000000019dd53000 	/usr/lib/libarchive.2.dylib
0x000000019c72d000 	/System/Library/PrivateFrameworks/AppleSystemInfo.framework/Versions/A/AppleSystemInfo
0x000000019d2be000 	/usr/lib/libbsm.0.dylib
0x0000000197280000 	/usr/lib/libnetwork.dylib
0x000000019dba7000 	/usr/lib/system/libkxld.dylib
0x000000019ced1000 	/System/Library/PrivateFrameworks/IOMobileFramebuffer.framework/Versions/A/IOMobileFramebuffer
0x0000000211ea7000 	/usr/lib/libCoreEntitlements.dylib
0x000000019d8e2000 	/System/Library/PrivateFrameworks/AppleFSCompression.framework/Versions/A/AppleFSCompression
0x000000019d2a6000 	/usr/lib/libcoretls.dylib
0x000000019e4b0000 	/usr/lib/libcoretls_cfhelpers.dylib
0x000000019dea5000 	/usr/lib/libpam.2.dylib
0x00000001995a3000 	/usr/lib/libsqlite3.dylib
0x000000019e519000 	/usr/lib/libxar.1.dylib
0x000000019d8f3000 	/usr/lib/libbz2.1.0.dylib
0x000000019dc12000 	/usr/lib/libpcap.A.dylib
0x0000000199983000 	/usr/lib/libdns_services.dylib
0x000000019de78000 	/usr/lib/libapple_nghttp2.dylib
0x000000019dc4f000 	/usr/lib/libiconv.2.dylib
0x000000019db9d000 	/usr/lib/libcharset.1.dylib
0x000000019a5e0000 	/System/Library/Frameworks/CoreServices.framework/Versions/A/Frameworks/FSEvents.framework/Versions/A/FSEvents
0x00000001957ff000 	/System/Library/Frameworks/CoreServices.framework/Versions/A/Frameworks/CarbonCore.framework/Versions/A/CarbonCore
0x0000000199bc4000 	/System/Library/Frameworks/CoreServices.framework/Versions/A/Frameworks/Metadata.framework/Versions/A/Metadata
0x000000019d906000 	/System/Library/Frameworks/CoreServices.framework/Versions/A/Frameworks/OSServices.framework/Versions/A/OSServices
0x000000019ddd9000 	/System/Library/Frameworks/CoreServices.framework/Versions/A/Frameworks/SearchKit.framework/Versions/A/SearchKit
0x0000000199912000 	/System/Library/Frameworks/CoreServices.framework/Versions/A/Frameworks/AE.framework/Versions/A/AE
0x0000000193654000 	/System/Library/Frameworks/CoreServices.framework/Versions/A/Frameworks/LaunchServices.framework/Versions/A/LaunchServices
0x000000019e440000 	/System/Library/Frameworks/CoreServices.framework/Versions/A/Frameworks/DictionaryServices.framework/Versions/A/DictionaryServices
0x000000019a5ed000 	/System/Library/Frameworks/CoreServices.framework/Versions/A/Frameworks/SharedFileList.framework/Versions/A/SharedFileList
0x000000019d296000 	/usr/lib/libCheckFix.dylib
0x000000019824c000 	/System/Library/PrivateFrameworks/TCC.framework/Versions/A/TCC
0x000000019c733000 	/System/Library/PrivateFrameworks/CoreNLP.framework/Versions/A/CoreNLP
0x0000000199b72000 	/System/Library/PrivateFrameworks/MetadataUtilities.framework/Versions/A/MetadataUtilities
0x0000000193db6000 	/usr/lib/libmecabra.dylib
0x000000019d2cf000 	/usr/lib/libmecab.dylib
0x0000000193d82000 	/usr/lib/libCRFSuite.dylib
0x000000019d32c000 	/usr/lib/libgermantok.dylib
0x000000019de51000 	/usr/lib/libThaiTokenizer.dylib
0x0000000199c6c000 	/System/Library/Frameworks/Accelerate.framework/Versions/A/Frameworks/vImage.framework/Versions/A/vImage
0x00000001a4049000 	/System/Library/Frameworks/Accelerate.framework/Versions/A/Frameworks/vecLib.framework/Versions/A/vecLib
0x000000019e55e000 	/System/Library/Frameworks/Accelerate.framework/Versions/A/Frameworks/vecLib.framework/Versions/A/libvMisc.dylib
0x000000019cdd8000 	/System/Library/Frameworks/Accelerate.framework/Versions/A/Frameworks/vecLib.framework/Versions/A/libvDSP.dylib
0x00000001939dd000 	/System/Library/Frameworks/Accelerate.framework/Versions/A/Frameworks/vecLib.framework/Versions/A/libBLAS.dylib
0x000000019df7b000 	/System/Library/Frameworks/Accelerate.framework/Versions/A/Frameworks/vecLib.framework/Versions/A/libLAPACK.dylib
0x000000019d32f000 	/System/Library/Frameworks/Accelerate.framework/Versions/A/Frameworks/vecLib.framework/Versions/A/libLinearAlgebra.dylib
0x000000019de90000 	/System/Library/Frameworks/Accelerate.framework/Versions/A/Frameworks/vecLib.framework/Versions/A/libSparseBLAS.dylib
0x000000019df76000 	/System/Library/Frameworks/Accelerate.framework/Versions/A/Frameworks/vecLib.framework/Versions/A/libQuadrature.dylib
0x000000019c82c000 	/System/Library/Frameworks/Accelerate.framework/Versions/A/Frameworks/vecLib.framework/Versions/A/libBNNS.dylib
0x0000000193c9b000 	/System/Library/Frameworks/Accelerate.framework/Versions/A/Frameworks/vecLib.framework/Versions/A/libSparse.dylib
0x000000019c824000 	/System/Library/PrivateFrameworks/LinguisticData.framework/Versions/A/LinguisticData
0x0000000193c53000 	/System/Library/PrivateFrameworks/Lexicon.framework/Versions/A/Lexicon
0x000000019e556000 	/usr/lib/libChineseTokenizer.dylib
0x00000001943fa000 	/System/Library/PrivateFrameworks/LanguageModeling.framework/Versions/A/LanguageModeling
0x000000019de53000 	/System/Library/PrivateFrameworks/AppleSauce.framework/Versions/A/AppleSauce
0x000000019cebe000 	/System/Library/PrivateFrameworks/CoreEmoji.framework/Versions/A/CoreEmoji
0x000000019dd41000 	/usr/lib/libcmph.dylib
0x000000019a5c0000 	/System/Library/Frameworks/OpenDirectory.framework/Versions/A/Frameworks/CFOpenDirectory.framework/Versions/A/CFOpenDirectory
0x000000019a5b0000 	/System/Library/Frameworks/OpenDirectory.framework/Versions/A/OpenDirectory
0x000000019e4b2000 	/System/Library/PrivateFrameworks/APFS.framework/Versions/A/APFS
0x000000019d1e6000 	/System/Library/Frameworks/SecurityFoundation.framework/Versions/A/SecurityFoundation
0x000000019e528000 	/usr/lib/libutil.dylib
0x0000000195b38000 	/System/Library/PrivateFrameworks/CoreServicesStore.framework/Versions/A/CoreServicesStore
0x000000019e52c000 	/usr/lib/libxslt.1.dylib
0x000000019d27a000 	/System/Library/PrivateFrameworks/BackgroundTaskManagement.framework/Versions/A/BackgroundTaskManagement
0x000000019f7c4000 	/System/Library/Frameworks/ImageIO.framework/Versions/A/Resources/libRadiance.dylib
0x000000019f7cd000 	/System/Library/Frameworks/ImageIO.framework/Versions/A/Resources/libJPEG.dylib
0x000000019f720000 	/System/Library/Frameworks/ImageIO.framework/Versions/A/Resources/libPng.dylib
0x000000019f742000 	/System/Library/Frameworks/ImageIO.framework/Versions/A/Resources/libTIFF.dylib
0x000000019f828000 	/System/Library/Frameworks/ImageIO.framework/Versions/A/Resources/libGIF.dylib
0x000000019f15c000 	/System/Library/Frameworks/ImageIO.framework/Versions/A/Resources/libJP2.dylib
0x000000019e87e000 	/usr/lib/libexpat.1.dylib
0x000000019f117000 	/System/Library/PrivateFrameworks/AppleJPEG.framework/Versions/A/AppleJPEG
0x000000019bc39000 	/System/Library/PrivateFrameworks/FontServices.framework/libFontParser.dylib
0x00000001998b7000 	/System/Library/PrivateFrameworks/RunningBoardServices.framework/Versions/A/RunningBoardServices
0x00000001aa135000 	/System/Library/PrivateFrameworks/IOSurfaceAccelerator.framework/Versions/A/IOSurfaceAccelerator
0x000000019f248000 	/System/Library/PrivateFrameworks/WatchdogClient.framework/Versions/A/WatchdogClient
0x00000001944fe000 	/System/Library/Frameworks/CoreDisplay.framework/Versions/A/CoreDisplay
0x000000019bb23000 	/System/Library/Frameworks/CoreMedia.framework/Versions/A/CoreMedia
0x000000019b9b0000 	/System/Library/PrivateFrameworks/IOAccelerator.framework/Versions/A/IOAccelerator
0x000000019a750000 	/System/Library/Frameworks/CoreVideo.framework/Versions/A/CoreVideo
0x000000019dea3000 	/System/Library/Frameworks/MetalPerformanceShaders.framework/Versions/A/MetalPerformanceShaders
0x000000019f287000 	/System/Library/Frameworks/VideoToolbox.framework/Versions/A/VideoToolbox
0x00000001997fb000 	/System/Library/PrivateFrameworks/BaseBoard.framework/Versions/A/BaseBoard
0x0000000199589000 	/System/Library/PrivateFrameworks/ProtocolBuffer.framework/Versions/A/ProtocolBuffer
0x000000019f7bf000 	/System/Library/PrivateFrameworks/GPUWrangler.framework/Versions/A/GPUWrangler
0x000000019f79f000 	/System/Library/PrivateFrameworks/IOPresentment.framework/Versions/A/IOPresentment
0x000000019f7c7000 	/System/Library/PrivateFrameworks/DSExternalDisplay.framework/Versions/A/DSExternalDisplay
0x00000001f456e000 	/System/Library/Frameworks/OpenGL.framework/Versions/A/Libraries/libCoreFSCache.dylib
0x00000001fea2d000 	/System/Library/PrivateFrameworks/GPUCompiler.framework/Versions/31001/Libraries/libGPUCompilerUtils.dylib
0x000000019f82d000 	/System/Library/PrivateFrameworks/CMCaptureCore.framework/Versions/A/CMCaptureCore
0x000000019ee2f000 	/System/Library/PrivateFrameworks/AppServerSupport.framework/Versions/A/AppServerSupport
0x00000001a10b0000 	/System/Library/PrivateFrameworks/perfdata.framework/Versions/A/perfdata
0x000000019461e000 	/System/Library/PrivateFrameworks/AudioToolboxCore.framework/Versions/A/AudioToolboxCore
0x000000019bafc000 	/System/Library/PrivateFrameworks/caulk.framework/Versions/A/caulk
0x00000001a09a5000 	/usr/lib/libAudioStatistics.dylib
0x00000001b28fa000 	/System/Library/PrivateFrameworks/SystemPolicy.framework/Versions/A/SystemPolicy
0x00000001a0c11000 	/usr/lib/libSMC.dylib
0x00000001a9944000 	/System/Library/Frameworks/CoreMIDI.framework/Versions/A/CoreMIDI
0x000000019f6ee000 	/usr/lib/libAudioToolboxUtility.dylib
0x00000001ae9c7000 	/System/Library/PrivateFrameworks/OSAServicesClient.framework/Versions/A/OSAServicesClient
0x00000001a10bd000 	/usr/lib/libperfcheck.dylib
0x00000001b3412000 	/usr/lib/libmis.dylib
0x00000001f45d0000 	/System/Library/Frameworks/OpenGL.framework/Versions/A/Libraries/libGLU.dylib
0x00000001f458f000 	/System/Library/Frameworks/OpenGL.framework/Versions/A/Libraries/libGFXShared.dylib
0x00000001f477c000 	/System/Library/Frameworks/OpenGL.framework/Versions/A/Libraries/libGL.dylib
0x00000001f4598000 	/System/Library/Frameworks/OpenGL.framework/Versions/A/Libraries/libGLImage.dylib
0x00000001f458c000 	/System/Library/Frameworks/OpenGL.framework/Versions/A/Libraries/libCVMSPluginSupport.dylib
0x00000001f4575000 	/System/Library/Frameworks/OpenGL.framework/Versions/A/Libraries/libCoreVMClient.dylib
0x000000019c6ad000 	/System/Library/Frameworks/MetalPerformanceShaders.framework/Versions/A/Frameworks/MPSCore.framework/Versions/A/MPSCore
0x000000019d855000 	/System/Library/Frameworks/MetalPerformanceShaders.framework/Versions/A/Frameworks/MPSImage.framework/Versions/A/MPSImage
0x000000019d344000 	/System/Library/Frameworks/MetalPerformanceShaders.framework/Versions/A/Frameworks/MPSNeuralNetwork.framework/Versions/A/MPSNeuralNetwork
0x000000019d77d000 	/System/Library/Frameworks/MetalPerformanceShaders.framework/Versions/A/Frameworks/MPSMatrix.framework/Versions/A/MPSMatrix
0x000000019d556000 	/System/Library/Frameworks/MetalPerformanceShaders.framework/Versions/A/Frameworks/MPSRayIntersector.framework/Versions/A/MPSRayIntersector
0x000000019d7ae000 	/System/Library/Frameworks/MetalPerformanceShaders.framework/Versions/A/Frameworks/MPSNDArray.framework/Versions/A/MPSNDArray
0x00000001f66e7000 	/System/Library/Frameworks/MetalPerformanceShaders.framework/Versions/A/Frameworks/MPSFunctions.framework/Versions/A/MPSFunctions
0x00000001938b4000 	/System/Library/PrivateFrameworks/MetalTools.framework/Versions/A/MetalTools
0x000000019c72b000 	/System/Library/PrivateFrameworks/AggregateDictionary.framework/Versions/A/AggregateDictionary
0x000000019e663000 	/usr/lib/libIOReport.dylib
0x00000001a8962000 	/System/Library/PrivateFrameworks/ASEProcessing.framework/Versions/A/ASEProcessing
0x000000019e9d8000 	/System/Library/PrivateFrameworks/FaceCore.framework/Versions/A/FaceCore
0x000000019e9ca000 	/System/Library/PrivateFrameworks/GraphVisualizer.framework/Versions/A/GraphVisualizer
0x00000001fe944000 	/System/Library/PrivateFrameworks/FontServices.framework/Versions/A/FontServices
0x000000019edeb000 	/System/Library/PrivateFrameworks/OTSVG.framework/Versions/A/OTSVG
0x000000019a31a000 	/System/Library/Frameworks/ApplicationServices.framework/Versions/A/Frameworks/ATS.framework/Versions/A/Resources/libFontRegistry.dylib
0x000000019ee38000 	/System/Library/PrivateFrameworks/FontServices.framework/libhvf.dylib
0x00000001fe945000 	/System/Library/PrivateFrameworks/FontServices.framework/libXTFontStaticRegistryData.dylib
0x00000001f491d000 	/System/Library/Frameworks/OpenCL.framework/Versions/A/OpenCL
0x000000019e832000 	/System/Library/PrivateFrameworks/AppleVA.framework/Versions/A/AppleVA
0x00000001a09cd000 	/System/Library/Frameworks/ApplicationServices.framework/Versions/A/Frameworks/ATS.framework/Versions/A/ATS
0x0000000198d47000 	/System/Library/Frameworks/ApplicationServices.framework/Versions/A/Frameworks/HIServices.framework/Versions/A/HIServices
0x000000019f837000 	/System/Library/Frameworks/ApplicationServices.framework/Versions/A/Frameworks/PrintCore.framework/Versions/A/PrintCore
0x00000001a0d64000 	/System/Library/Frameworks/ApplicationServices.framework/Versions/A/Frameworks/QD.framework/Versions/A/QD
0x00000001a0d5c000 	/System/Library/Frameworks/ApplicationServices.framework/Versions/A/Frameworks/ColorSyncLegacy.framework/Versions/A/ColorSyncLegacy
0x00000001a09b9000 	/System/Library/Frameworks/ApplicationServices.framework/Versions/A/Frameworks/SpeechSynthesis.framework/Versions/A/SpeechSynthesis
0x000000019f7f8000 	/System/Library/Frameworks/ApplicationServices.framework/Versions/A/Frameworks/ATSUI.framework/Versions/A/ATSUI
0x00000001a0cf1000 	/usr/lib/libcups.2.dylib
0x00000001a10cb000 	/System/Library/Frameworks/Kerberos.framework/Versions/A/Kerberos
0x00000001a10dc000 	/System/Library/Frameworks/GSS.framework/Versions/A/GSS
0x00000001a0a3d000 	/usr/lib/libresolv.9.dylib
0x000000019ee47000 	/System/Library/PrivateFrameworks/Heimdal.framework/Versions/A/Heimdal
0x00000001a7b97000 	/System/Library/Frameworks/Kerberos.framework/Versions/A/Libraries/libHeimdalProxy.dylib
0x0000000199995000 	/System/Library/Frameworks/Network.framework/Versions/A/Network
0x000000019e899000 	/usr/lib/libheimdal-asn1.dylib
0x00000001a112c000 	/System/Library/PrivateFrameworks/CommonAuth.framework/Versions/A/CommonAuth
0x00000001a0933000 	/System/Library/PrivateFrameworks/AudioSession.framework/Versions/A/AudioSession
0x000000019e92b000 	/System/Library/PrivateFrameworks/MediaExperience.framework/Versions/A/MediaExperience
0x00000001a07b9000 	/System/Library/PrivateFrameworks/AudioSession.framework/libSessionUtility.dylib
0x00000001a0d70000 	/System/Library/PrivateFrameworks/AudioResourceArbitration.framework/Versions/A/AudioResourceArbitration
0x00000001a4f26000 	/System/Library/PrivateFrameworks/PowerLog.framework/Versions/A/PowerLog
0x000000019e8a3000 	/System/Library/PrivateFrameworks/IconFoundation.framework/Versions/A/IconFoundation
0x00000001a3c6f000 	/System/Library/PrivateFrameworks/SpeechRecognitionCore.framework/Versions/A/SpeechRecognitionCore
0x00000001d885c000 	/System/Library/CoreServices/Encodings/libKoreanConverter.dylib
0x0000000105d70000 	/Library/Java/JavaVirtualMachines/jdk-17.jdk/Contents/Home/lib/server/libjvm.dylib
0x0000000104c74000 	/Library/Java/JavaVirtualMachines/jdk-17.jdk/Contents/Home/lib/libjimage.dylib
0x0000000104e68000 	/Library/Java/JavaVirtualMachines/jdk-17.jdk/Contents/Home/lib/libinstrument.dylib
0x0000000104eb4000 	/Library/Java/JavaVirtualMachines/jdk-17.jdk/Contents/Home/lib/libjava.dylib
0x0000000104ff0000 	/private/var/folders/dv/28q5_lq14sb0wvxgvgkbdc9h0000gn/T/libasyncProfiler.so
0x0000000104fb0000 	/Library/Java/JavaVirtualMachines/jdk-17.jdk/Contents/Home/lib/libzip.dylib
0x0000000105c54000 	/Library/Java/JavaVirtualMachines/jdk-17.jdk/Contents/Home/lib/libnio.dylib
0x0000000105c74000 	/Library/Java/JavaVirtualMachines/jdk-17.jdk/Contents/Home/lib/libnet.dylib
0x0000000104e94000 	/Library/Java/JavaVirtualMachines/jdk-17.jdk/Contents/Home/lib/libextnet.dylib


VM Arguments:
jvm_args: -javaagent:/Applications/개발/IntelliJ IDEA.app/Contents/lib/idea_rt.jar=49273:/Applications/개발/IntelliJ IDEA.app/Contents/bin -agentpath:/private/var/folders/dv/28q5_lq14sb0wvxgvgkbdc9h0000gn/T/libasyncProfiler.so=start,jfr,event=cpu,interval=10ms,jfrsync=profile,cstack=no,file=/Users/ganari/IdeaSnapshots/b2738_2023_06_27_162620.jfr,log=/private/var/folders/dv/28q5_lq14sb0wvxgvgkbdc9h0000gn/T/b2738_2023_06_27_162620.jfr.log.txt,logLevel=DEBUG -Dfile.encoding=UTF-8 
java_command: b2738
java_class_path (initial): /Users/ganari/IdeaProjects/backjoon/out/production/backjoon
Launcher Type: SUN_STANDARD

[Global flags]
     intx CICompilerCount                          = 4                                         {product} {ergonomic}
     uint ConcGCThreads                            = 2                                         {product} {ergonomic}
     bool FlightRecorder                           = true                                      {product} {management}
     uint G1ConcRefinementThreads                  = 9                                         {product} {ergonomic}
   size_t G1HeapRegionSize                         = 4194304                                   {product} {ergonomic}
    uintx GCDrainStackTargetSize                   = 64                                        {product} {ergonomic}
   size_t InitialHeapSize                          = 536870912                                 {product} {ergonomic}
   size_t MarkStackSize                            = 4194304                                   {product} {ergonomic}
   size_t MaxHeapSize                              = 8589934592                                {product} {ergonomic}
   size_t MaxNewSize                               = 5150605312                                {product} {ergonomic}
   size_t MinHeapDeltaBytes                        = 4194304                                   {product} {ergonomic}
   size_t MinHeapSize                              = 8388608                                   {product} {ergonomic}
    uintx NonNMethodCodeHeapSize                   = 5839564                                {pd product} {ergonomic}
    uintx NonProfiledCodeHeapSize                  = 122909338                              {pd product} {ergonomic}
    uintx ProfiledCodeHeapSize                     = 122909338                              {pd product} {ergonomic}
    uintx ReservedCodeCacheSize                    = 251658240                              {pd product} {ergonomic}
     bool SegmentedCodeCache                       = true                                      {product} {ergonomic}
   size_t SoftMaxHeapSize                          = 8589934592                             {manageable} {ergonomic}
     bool UseCompressedClassPointers               = true                           {product lp64_product} {ergonomic}
     bool UseCompressedOops                        = true                           {product lp64_product} {ergonomic}
     bool UseG1GC                                  = true                                      {product} {ergonomic}
     bool UseNUMA                                  = false                                     {product} {ergonomic}
     bool UseNUMAInterleaving                      = false                                     {product} {ergonomic}

Logging:
Log output configuration:
 #0: stdout all=warning,jni+resolve=error uptime,level,tags (reconfigured)
 #1: stderr all=off uptime,level,tags

Environment Variables:
JAVA_HOME=/Library/Java/JavaVirtualMachines/jdk-17.jdk/Contents/Home
PATH=/usr/local/bin:/usr/bin:/bin:/usr/sbin:/sbin:/Library/Java/JavaVirtualMachines/jdk-17.jdk/Contents/Home/bin:/opt/homebrew/bin
SHELL=/bin/zsh
LC_CTYPE=ko_KR.UTF-8

Signal Handlers:
   SIGSEGV: _ZL13crash_handleriP9__siginfoPv in libjvm.dylib, mask=11100110000111110111111111111111, flags=SA_RESTART|SA_SIGINFO
    SIGBUS: _ZL13crash_handleriP9__siginfoPv in libjvm.dylib, mask=11100110000111110111111111111111, flags=SA_RESTART|SA_SIGINFO
    SIGFPE: _ZL13crash_handleriP9__siginfoPv in libjvm.dylib, mask=11100110000111110111111111111111, flags=SA_RESTART|SA_SIGINFO
   SIGPIPE: _ZL17javaSignalHandleriP9__siginfoPv in libjvm.dylib, mask=11100110000111110111111111111111, flags=SA_RESTART|SA_SIGINFO
   SIGXFSZ: _ZL17javaSignalHandleriP9__siginfoPv in libjvm.dylib, mask=11100110000111110111111111111111, flags=SA_RESTART|SA_SIGINFO
    SIGILL: _ZL13crash_handleriP9__siginfoPv in libjvm.dylib, mask=11100110000111110111111111111111, flags=SA_RESTART|SA_SIGINFO
   SIGUSR2: _ZL10SR_handleriP9__siginfoP17__darwin_ucontext in libjvm.dylib, mask=00100000000000000000000000000000, flags=SA_RESTART|SA_SIGINFO
    SIGHUP: _ZL11UserHandleriPvS_ in libjvm.dylib, mask=11100110000111110111111111111111, flags=SA_RESTART|SA_SIGINFO
    SIGINT: _ZL11UserHandleriPvS_ in libjvm.dylib, mask=11100110000111110111111111111111, flags=SA_RESTART|SA_SIGINFO
   SIGTERM: _ZL11UserHandleriPvS_ in libjvm.dylib, mask=11100110000111110111111111111111, flags=SA_RESTART|SA_SIGINFO
   SIGQUIT: _ZL11UserHandleriPvS_ in libjvm.dylib, mask=11100110000111110111111111111111, flags=SA_RESTART|SA_SIGINFO
   SIGTRAP: _ZL13crash_handleriP9__siginfoPv in libjvm.dylib, mask=11100110000111110111111111111111, flags=SA_RESTART|SA_SIGINFO


---------------  S Y S T E M  ---------------

OS:
uname: Darwin 21.4.0 Darwin Kernel Version 21.4.0: Mon Feb 21 20:35:58 PST 2022; root:xnu-8020.101.4~2/RELEASE_ARM64_T6000 arm64
OS uptime: 0 days 1:41 hours
rlimit (soft/hard): STACK 8176k/65520k , CORE 0k/infinity , NPROC 5333/8000 , NOFILE 10240/infinity , AS infinity/infinity , CPU infinity/infinity , DATA infinity/infinity , FSIZE infinity/infinity , MEMLOCK infinity/infinity , RSS infinity/infinity
load average: 2.06 1.86 1.73

CPU: total 10 (initial active 10) 0x61:0x0:0x1b588bb3:0, fp, simd, crc, lse

Memory: 16k page, physical 33554432k(3472032k free), swap 0k(0k free)

vm_info: Java HotSpot(TM) 64-Bit Server VM (17.0.7+8-LTS-224) for bsd-aarch64 JRE (17.0.7+8-LTS-224), built on Feb 28 2023 22:59:37 by "mach5one" with clang Apple LLVM 12.0.0 (clang-1200.0.32.29)

END.
